[06/18/23 09:57:36] crowsnest: crowsnest - A webcam Service for multiple Cams and Stream Services.
[06/18/23 09:57:37] crowsnest: Version: v4.1.3-1-gc0c9c41
[06/18/23 09:57:37] crowsnest: Prepare Startup ...
[06/18/23 09:57:37] crowsnest: INFO: Host information:
[06/18/23 09:57:37] crowsnest: Host Info: Distribution: Debian GNU/Linux 11 (bullseye)
[06/18/23 09:57:37] crowsnest: Host Info: Release: MainsailOS release 1.3.2 (bullseye)
[06/18/23 09:57:37] crowsnest: Host Info: Kernel: Linux 6.1.21-v8+ aarch64
[06/18/23 09:57:37] crowsnest: Host Info: Model:  Raspberry Pi 3 Model B Rev 1.2
[06/18/23 09:57:37] crowsnest: Host Info: Available CPU Cores: 4
[06/18/23 09:57:37] crowsnest: Host Info: Available Memory: 880336 kB
[06/18/23 09:57:37] crowsnest: Host Info: Diskspace (avail. / total): 52G / 59G
[06/18/23 09:57:37] crowsnest: INFO: Checking Dependencies
[06/18/23 09:57:37] crowsnest: Dependency: 'crudini' found in /usr/bin/crudini.
[06/18/23 09:57:37] crowsnest: Dependency: 'find' found in /usr/bin/find.
[06/18/23 09:57:37] crowsnest: Dependency: 'xargs' found in /usr/bin/xargs.
[06/18/23 09:57:37] crowsnest: Dependency: 'ustreamer' found in bin/ustreamer/ustreamer.
[06/18/23 09:57:37] crowsnest: Dependency: 'camera-streamer' found in bin/camera-streamer/camera-streamer.
[06/18/23 09:57:37] crowsnest: Version Control: ustreamer is up to date. (v5.48)
[06/18/23 09:57:43] crowsnest: Version Control: camera-streamer is up to date. ((f1627aa))
[06/18/23 09:57:43] crowsnest: INFO: Print Configfile: '/home/twoscoopsofpig/printer_data/config/crowsnest.conf'
[06/18/23 09:57:43] crowsnest:		[crowsnest]
[06/18/23 09:57:43] crowsnest:		log_path: /home/twoscoopsofpig/printer_data/logs/crowsnest.log
[06/18/23 09:57:43] crowsnest:		log_level: verbose
[06/18/23 09:57:43] crowsnest:		delete_log: false
[06/18/23 09:57:43] crowsnest:		no_proxy: false
[06/18/23 09:57:43] crowsnest:		
[06/18/23 09:57:43] crowsnest:		[cam 1]
[06/18/23 09:57:43] crowsnest:		mode: ustreamer
[06/18/23 09:57:43] crowsnest:		
[06/18/23 09:57:43] crowsnest:		enable_rtsp: false
[06/18/23 09:57:43] crowsnest:		rtsp_port: 8554
[06/18/23 09:57:43] crowsnest:		port: 8080
[06/18/23 09:57:43] crowsnest:		device: /dev/video0
[06/18/23 09:57:43] crowsnest:		resolution: 640x480
[06/18/23 09:57:43] crowsnest:		max_fps: 15
[06/18/23 09:57:43] crowsnest: INFO: Detect available Devices
[02/12/24 17:02:23] crowsnest: INFO: Found 1 total available Device(s)
[02/12/24 17:02:23] crowsnest: INFO: Found 1 available v4l2 (UVC) camera(s)
[02/12/24 17:02:23] crowsnest: /dev/v4l/by-id/usb-SunplusIT_Inc_FHD_Camera_Microphone_01.00.00-video-index0 -> /dev/video0
[02/12/24 17:02:23] crowsnest: Supported Formats:
[02/12/24 17:02:23] crowsnest:		[0]: 'MJPG' (Motion-JPEG, compressed)
[02/12/24 17:02:23] crowsnest:		Size: Discrete 640x480
[02/12/24 17:02:23] crowsnest:		Interval: Discrete 0.033s (30.000 fps)
[02/12/24 17:02:23] crowsnest:		Size: Discrete 1600x896
[02/12/24 17:02:23] crowsnest:		Interval: Discrete 0.033s (30.000 fps)
[02/12/24 17:02:23] crowsnest:		Size: Discrete 1280x720
[02/12/24 17:02:23] crowsnest:		Interval: Discrete 0.033s (30.000 fps)
[02/12/24 17:02:23] crowsnest:		Size: Discrete 1024x576
[02/12/24 17:02:23] crowsnest:		Interval: Discrete 0.033s (30.000 fps)
[02/12/24 17:02:23] crowsnest:		Size: Discrete 800x600
[02/12/24 17:02:23] crowsnest:		Interval: Discrete 0.033s (30.000 fps)
[02/12/24 17:02:23] crowsnest:		Size: Discrete 800x480
[02/12/24 17:02:23] crowsnest:		Interval: Discrete 0.033s (30.000 fps)
[02/12/24 17:02:23] crowsnest:		Size: Discrete 640x360
[02/12/24 17:02:23] crowsnest:		Interval: Discrete 0.033s (30.000 fps)
[02/12/24 17:02:23] crowsnest:		Size: Discrete 424x240
[02/12/24 17:02:23] crowsnest:		Interval: Discrete 0.033s (30.000 fps)
[02/12/24 17:02:23] crowsnest:		Size: Discrete 352x288
[02/12/24 17:02:23] crowsnest:		Interval: Discrete 0.033s (30.000 fps)
[02/12/24 17:02:23] crowsnest:		Size: Discrete 1920x1080
[02/12/24 17:02:23] crowsnest:		Interval: Discrete 0.033s (30.000 fps)
[02/12/24 17:02:23] crowsnest:		[1]: 'YUYV' (YUYV 4:2:2)
[02/12/24 17:02:23] crowsnest:		Size: Discrete 640x480
[02/12/24 17:02:23] crowsnest:		Interval: Discrete 0.033s (30.000 fps)
[02/12/24 17:02:23] crowsnest:		Size: Discrete 1600x896
[02/12/24 17:02:23] crowsnest:		Interval: Discrete 0.133s (7.500 fps)
[02/12/24 17:02:23] crowsnest:		Size: Discrete 1280x720
[02/12/24 17:02:23] crowsnest:		Interval: Discrete 0.100s (10.000 fps)
[02/12/24 17:02:23] crowsnest:		Size: Discrete 1024x576
[02/12/24 17:02:23] crowsnest:		Interval: Discrete 0.100s (10.000 fps)
[02/12/24 17:02:23] crowsnest:		Size: Discrete 800x600
[02/12/24 17:02:23] crowsnest:		Interval: Discrete 0.067s (15.000 fps)
[02/12/24 17:02:23] crowsnest:		Size: Discrete 800x480
[02/12/24 17:02:23] crowsnest:		Interval: Discrete 0.040s (25.000 fps)
[02/12/24 17:02:23] crowsnest:		Size: Discrete 640x360
[02/12/24 17:02:23] crowsnest:		Interval: Discrete 0.033s (30.000 fps)
[02/12/24 17:02:23] crowsnest:		Size: Discrete 424x240
[02/12/24 17:02:23] crowsnest:		Interval: Discrete 0.033s (30.000 fps)
[02/12/24 17:02:23] crowsnest:		Size: Discrete 352x288
[02/12/24 17:02:23] crowsnest:		Interval: Discrete 0.033s (30.000 fps)
[02/12/24 17:02:23] crowsnest:		Size: Discrete 1920x1080
[02/12/24 17:02:23] crowsnest:		Interval: Discrete 0.200s (5.000 fps)
[02/12/24 17:02:24] crowsnest: Supported Controls:
[02/12/24 17:02:24] crowsnest:		
[02/12/24 17:02:24] crowsnest:		User Controls
[02/12/24 17:02:24] crowsnest:		
[02/12/24 17:02:24] crowsnest:		brightness 0x00980900 (int)    : min=-64 max=64 step=1 default=0 value=0
[02/12/24 17:02:24] crowsnest:		contrast 0x00980901 (int)    : min=0 max=95 step=1 default=1 value=1
[02/12/24 17:02:24] crowsnest:		saturation 0x00980902 (int)    : min=0 max=100 step=1 default=64 value=64
[02/12/24 17:02:24] crowsnest:		hue 0x00980903 (int)    : min=-2000 max=2000 step=1 default=0 value=0
[02/12/24 17:02:24] crowsnest:		white_balance_automatic 0x0098090c (bool)   : default=1 value=1
[02/12/24 17:02:24] crowsnest:		gamma 0x00980910 (int)    : min=100 max=300 step=1 default=100 value=100
[02/12/24 17:02:24] crowsnest:		power_line_frequency 0x00980918 (menu)   : min=0 max=2 default=1 value=1
[02/12/24 17:02:24] crowsnest:		0: Disabled
[02/12/24 17:02:24] crowsnest:		1: 50 Hz
[02/12/24 17:02:24] crowsnest:		2: 60 Hz
[02/12/24 17:02:24] crowsnest:		white_balance_temperature 0x0098091a (int)    : min=2800 max=6500 step=1 default=4600 value=4600 flags=inactive
[02/12/24 17:02:24] crowsnest:		sharpness 0x0098091b (int)    : min=1 max=7 step=1 default=2 value=2
[02/12/24 17:02:24] crowsnest:		backlight_compensation 0x0098091c (int)    : min=0 max=1 step=1 default=1 value=1
[02/12/24 17:02:24] crowsnest:		
[02/12/24 17:02:24] crowsnest:		Camera Controls
[02/12/24 17:02:24] crowsnest:		
[02/12/24 17:02:24] crowsnest:		auto_exposure 0x009a0901 (menu)   : min=0 max=3 default=3 value=3
[02/12/24 17:02:24] crowsnest:		1: Manual Mode
[02/12/24 17:02:24] crowsnest:		3: Aperture Priority Mode
[02/12/24 17:02:24] crowsnest:		exposure_time_absolute 0x009a0902 (int)    : min=3 max=2047 step=1 default=166 value=166 flags=inactive
[02/12/24 17:02:24] crowsnest:		focus_absolute 0x009a090a (int)    : min=0 max=1023 step=1 default=0 value=0 flags=inactive
[02/12/24 17:02:24] crowsnest:		focus_automatic_continuous 0x009a090c (bool)   : default=0 value=1
[02/12/24 17:02:24] crowsnest: Try to start configured Cams / Services...
[02/12/24 17:02:27] crowsnest: INFO: Configuration of Section [cam 1] looks good. Continue ...
[02/12/24 17:02:29] crowsnest: V4L2 Control: No parameters set for [cam 1]. Skipped.
[02/12/24 17:02:32] crowsnest: Starting ustreamer with Device /dev/video0 ...
[02/12/24 17:02:34] crowsnest:  ... Done!
[02/12/24 17:02:47] crowsnest: Shutdown or Killed by User!
[02/12/24 17:02:47] crowsnest: Please come again :)
[02/12/24 17:02:47] crowsnest: Goodbye...
[02/12/24 17:03:05] crowsnest: crowsnest - A webcam Service for multiple Cams and Stream Services.
[02/12/24 17:03:05] crowsnest: Version: v4.1.3-1-gc0c9c41
[02/12/24 17:03:05] crowsnest: Prepare Startup ...
[02/12/24 17:03:05] crowsnest: INFO: Host information:
[02/12/24 17:03:05] crowsnest: Host Info: Distribution: Debian GNU/Linux 11 (bullseye)
[02/12/24 17:03:05] crowsnest: Host Info: Release: MainsailOS release 1.3.2 (bullseye)
[02/12/24 17:03:05] crowsnest: Host Info: Kernel: Linux 6.1.21-v8+ aarch64
[02/12/24 17:03:05] crowsnest: Host Info: Model:  Raspberry Pi 3 Model B Rev 1.2
[02/12/24 17:03:05] crowsnest: Host Info: Available CPU Cores: 4
[02/12/24 17:03:05] crowsnest: Host Info: Available Memory: 880336 kB
[02/12/24 17:03:05] crowsnest: Host Info: Diskspace (avail. / total): 52G / 59G
[02/12/24 17:03:05] crowsnest: INFO: Checking Dependencies
[02/12/24 17:03:05] crowsnest: Dependency: 'crudini' found in /usr/bin/crudini.
[02/12/24 17:03:05] crowsnest: Dependency: 'find' found in /usr/bin/find.
[02/12/24 17:03:05] crowsnest: Dependency: 'xargs' found in /usr/bin/xargs.
[02/12/24 17:03:05] crowsnest: Dependency: 'ustreamer' found in bin/ustreamer/ustreamer.
[02/12/24 17:03:05] crowsnest: Dependency: 'camera-streamer' found in bin/camera-streamer/camera-streamer.
[02/12/24 17:03:06] crowsnest: Version Control: ustreamer is up to date. (v5.48)
[02/12/24 17:03:08] crowsnest: Version Control: camera-streamer is up to date. ((f1627aa))
[02/12/24 17:03:08] crowsnest: INFO: Print Configfile: '/home/twoscoopsofpig/printer_data/config/crowsnest.conf'
[02/12/24 17:03:08] crowsnest:		[crowsnest]
[02/12/24 17:03:08] crowsnest:		log_path: /home/twoscoopsofpig/printer_data/logs/crowsnest.log
[02/12/24 17:03:08] crowsnest:		log_level: verbose
[02/12/24 17:03:08] crowsnest:		delete_log: false
[02/12/24 17:03:08] crowsnest:		no_proxy: false
[02/12/24 17:03:08] crowsnest:		
[02/12/24 17:03:08] crowsnest:		[cam 1]
[02/12/24 17:03:08] crowsnest:		mode: ustreamer
[02/12/24 17:03:08] crowsnest:		
[02/12/24 17:03:08] crowsnest:		enable_rtsp: false
[02/12/24 17:03:08] crowsnest:		rtsp_port: 8554
[02/12/24 17:03:08] crowsnest:		port: 8080
[02/12/24 17:03:08] crowsnest:		device: /dev/video0
[02/12/24 17:03:08] crowsnest:		resolution: 640x480
[02/12/24 17:03:08] crowsnest:		max_fps: 15
[02/12/24 17:03:08] crowsnest: INFO: Detect available Devices
[02/12/24 17:03:09] crowsnest: INFO: Found 1 total available Device(s)
[02/12/24 17:03:09] crowsnest: INFO: Found 1 available v4l2 (UVC) camera(s)
[02/12/24 17:03:09] crowsnest: /dev/v4l/by-id/usb-SunplusIT_Inc_FHD_Camera_Microphone_01.00.00-video-index0 -> /dev/video0
[02/12/24 17:03:09] crowsnest: Supported Formats:
[02/12/24 17:03:09] crowsnest:		[0]: 'MJPG' (Motion-JPEG, compressed)
[02/12/24 17:03:09] crowsnest:		Size: Discrete 640x480
[02/12/24 17:03:09] crowsnest:		Interval: Discrete 0.033s (30.000 fps)
[02/12/24 17:03:09] crowsnest:		Size: Discrete 1600x896
[02/12/24 17:03:09] crowsnest:		Interval: Discrete 0.033s (30.000 fps)
[02/12/24 17:03:09] crowsnest:		Size: Discrete 1280x720
[02/12/24 17:03:09] crowsnest:		Interval: Discrete 0.033s (30.000 fps)
[02/12/24 17:03:09] crowsnest:		Size: Discrete 1024x576
[02/12/24 17:03:09] crowsnest:		Interval: Discrete 0.033s (30.000 fps)
[02/12/24 17:03:09] crowsnest:		Size: Discrete 800x600
[02/12/24 17:03:09] crowsnest:		Interval: Discrete 0.033s (30.000 fps)
[02/12/24 17:03:09] crowsnest:		Size: Discrete 800x480
[02/12/24 17:03:09] crowsnest:		Interval: Discrete 0.033s (30.000 fps)
[02/12/24 17:03:09] crowsnest:		Size: Discrete 640x360
[02/12/24 17:03:09] crowsnest:		Interval: Discrete 0.033s (30.000 fps)
[02/12/24 17:03:09] crowsnest:		Size: Discrete 424x240
[02/12/24 17:03:09] crowsnest:		Interval: Discrete 0.033s (30.000 fps)
[02/12/24 17:03:09] crowsnest:		Size: Discrete 352x288
[02/12/24 17:03:09] crowsnest:		Interval: Discrete 0.033s (30.000 fps)
[02/12/24 17:03:09] crowsnest:		Size: Discrete 1920x1080
[02/12/24 17:03:09] crowsnest:		Interval: Discrete 0.033s (30.000 fps)
[02/12/24 17:03:09] crowsnest:		[1]: 'YUYV' (YUYV 4:2:2)
[02/12/24 17:03:09] crowsnest:		Size: Discrete 640x480
[02/12/24 17:03:09] crowsnest:		Interval: Discrete 0.033s (30.000 fps)
[02/12/24 17:03:09] crowsnest:		Size: Discrete 1600x896
[02/12/24 17:03:09] crowsnest:		Interval: Discrete 0.133s (7.500 fps)
[02/12/24 17:03:09] crowsnest:		Size: Discrete 1280x720
[02/12/24 17:03:09] crowsnest:		Interval: Discrete 0.100s (10.000 fps)
[02/12/24 17:03:09] crowsnest:		Size: Discrete 1024x576
[02/12/24 17:03:09] crowsnest:		Interval: Discrete 0.100s (10.000 fps)
[02/12/24 17:03:09] crowsnest:		Size: Discrete 800x600
[02/12/24 17:03:09] crowsnest:		Interval: Discrete 0.067s (15.000 fps)
[02/12/24 17:03:09] crowsnest:		Size: Discrete 800x480
[02/12/24 17:03:09] crowsnest:		Interval: Discrete 0.040s (25.000 fps)
[02/12/24 17:03:09] crowsnest:		Size: Discrete 640x360
[02/12/24 17:03:09] crowsnest:		Interval: Discrete 0.033s (30.000 fps)
[02/12/24 17:03:09] crowsnest:		Size: Discrete 424x240
[02/12/24 17:03:09] crowsnest:		Interval: Discrete 0.033s (30.000 fps)
[02/12/24 17:03:09] crowsnest:		Size: Discrete 352x288
[02/12/24 17:03:09] crowsnest:		Interval: Discrete 0.033s (30.000 fps)
[02/12/24 17:03:09] crowsnest:		Size: Discrete 1920x1080
[02/12/24 17:03:09] crowsnest:		Interval: Discrete 0.200s (5.000 fps)
[02/12/24 17:03:09] crowsnest: Supported Controls:
[02/12/24 17:03:09] crowsnest:		
[02/12/24 17:03:09] crowsnest:		User Controls
[02/12/24 17:03:09] crowsnest:		
[02/12/24 17:03:09] crowsnest:		brightness 0x00980900 (int)    : min=-64 max=64 step=1 default=0 value=0
[02/12/24 17:03:09] crowsnest:		contrast 0x00980901 (int)    : min=0 max=95 step=1 default=1 value=1
[02/12/24 17:03:09] crowsnest:		saturation 0x00980902 (int)    : min=0 max=100 step=1 default=64 value=64
[02/12/24 17:03:09] crowsnest:		hue 0x00980903 (int)    : min=-2000 max=2000 step=1 default=0 value=0
[02/12/24 17:03:09] crowsnest:		white_balance_automatic 0x0098090c (bool)   : default=1 value=1
[02/12/24 17:03:09] crowsnest:		gamma 0x00980910 (int)    : min=100 max=300 step=1 default=100 value=100
[02/12/24 17:03:09] crowsnest:		power_line_frequency 0x00980918 (menu)   : min=0 max=2 default=1 value=1
[02/12/24 17:03:09] crowsnest:		0: Disabled
[02/12/24 17:03:09] crowsnest:		1: 50 Hz
[02/12/24 17:03:09] crowsnest:		2: 60 Hz
[02/12/24 17:03:09] crowsnest:		white_balance_temperature 0x0098091a (int)    : min=2800 max=6500 step=1 default=4600 value=4600 flags=inactive
[02/12/24 17:03:09] crowsnest:		sharpness 0x0098091b (int)    : min=1 max=7 step=1 default=2 value=2
[02/12/24 17:03:09] crowsnest:		backlight_compensation 0x0098091c (int)    : min=0 max=1 step=1 default=1 value=1
[02/12/24 17:03:09] crowsnest:		
[02/12/24 17:03:09] crowsnest:		Camera Controls
[02/12/24 17:03:09] crowsnest:		
[02/12/24 17:03:09] crowsnest:		auto_exposure 0x009a0901 (menu)   : min=0 max=3 default=3 value=3
[02/12/24 17:03:09] crowsnest:		1: Manual Mode
[02/12/24 17:03:09] crowsnest:		3: Aperture Priority Mode
[02/12/24 17:03:09] crowsnest:		exposure_time_absolute 0x009a0902 (int)    : min=3 max=2047 step=1 default=166 value=166 flags=inactive
[02/12/24 17:03:09] crowsnest:		focus_absolute 0x009a090a (int)    : min=0 max=1023 step=1 default=0 value=155 flags=inactive
[02/12/24 17:03:09] crowsnest:		focus_automatic_continuous 0x009a090c (bool)   : default=0 value=1
[02/12/24 17:03:09] crowsnest: Try to start configured Cams / Services...
[02/12/24 17:03:12] crowsnest: INFO: Configuration of Section [cam 1] looks good. Continue ...
[02/12/24 17:03:13] crowsnest: V4L2 Control: No parameters set for [cam 1]. Skipped.
[02/12/24 17:03:16] crowsnest: Starting ustreamer with Device /dev/video0 ...
[02/12/24 17:03:18] crowsnest:  ... Done!
[02/16/24 13:54:14] crowsnest: Shutdown or Killed by User!
[02/16/24 13:54:14] crowsnest: Please come again :)
[02/16/24 13:54:14] crowsnest: Goodbye...
[02/16/24 13:54:32] crowsnest: crowsnest - A webcam Service for multiple Cams and Stream Services.
[02/16/24 13:54:32] crowsnest: Version: v4.1.3-1-gc0c9c41
[02/16/24 13:54:32] crowsnest: Prepare Startup ...
[02/16/24 13:54:32] crowsnest: INFO: Host information:
[02/16/24 13:54:32] crowsnest: Host Info: Distribution: Debian GNU/Linux 11 (bullseye)
[02/16/24 13:54:32] crowsnest: Host Info: Release: MainsailOS release 1.3.2 (bullseye)
[02/16/24 13:54:32] crowsnest: Host Info: Kernel: Linux 6.1.21-v8+ aarch64
[02/16/24 13:54:32] crowsnest: Host Info: Model:  Raspberry Pi 3 Model B Rev 1.2
[02/16/24 13:54:32] crowsnest: Host Info: Available CPU Cores: 4
[02/16/24 13:54:32] crowsnest: Host Info: Available Memory: 880336 kB
[02/16/24 13:54:32] crowsnest: Host Info: Diskspace (avail. / total): 52G / 59G
[02/16/24 13:54:32] crowsnest: INFO: Checking Dependencies
[02/16/24 13:54:32] crowsnest: Dependency: 'crudini' found in /usr/bin/crudini.
[02/16/24 13:54:32] crowsnest: Dependency: 'find' found in /usr/bin/find.
[02/16/24 13:54:33] crowsnest: Dependency: 'xargs' found in /usr/bin/xargs.
[02/16/24 13:54:33] crowsnest: Dependency: 'ustreamer' found in bin/ustreamer/ustreamer.
[02/16/24 13:54:33] crowsnest: Dependency: 'camera-streamer' found in bin/camera-streamer/camera-streamer.
[02/16/24 13:54:33] crowsnest: Version Control: ustreamer is up to date. (v5.48)
[02/16/24 13:54:35] crowsnest: Version Control: camera-streamer is up to date. ((f1627aa))
[02/16/24 13:54:35] crowsnest: INFO: Print Configfile: '/home/twoscoopsofpig/printer_data/config/crowsnest.conf'
[02/16/24 13:54:35] crowsnest:		[crowsnest]
[02/16/24 13:54:35] crowsnest:		log_path: /home/twoscoopsofpig/printer_data/logs/crowsnest.log
[02/16/24 13:54:35] crowsnest:		log_level: verbose
[02/16/24 13:54:35] crowsnest:		delete_log: false
[02/16/24 13:54:35] crowsnest:		no_proxy: false
[02/16/24 13:54:35] crowsnest:		
[02/16/24 13:54:35] crowsnest:		[cam 1]
[02/16/24 13:54:35] crowsnest:		mode: ustreamer
[02/16/24 13:54:35] crowsnest:		
[02/16/24 13:54:35] crowsnest:		enable_rtsp: false
[02/16/24 13:54:35] crowsnest:		rtsp_port: 8554
[02/16/24 13:54:35] crowsnest:		port: 8080
[02/16/24 13:54:35] crowsnest:		device: /dev/video0
[02/16/24 13:54:35] crowsnest:		resolution: 640x480
[02/16/24 13:54:35] crowsnest:		max_fps: 15
[02/16/24 13:54:35] crowsnest: INFO: Detect available Devices
[02/16/24 13:54:36] crowsnest: INFO: Found 1 total available Device(s)
[02/16/24 13:54:36] crowsnest: INFO: Found 1 available v4l2 (UVC) camera(s)
[02/16/24 13:54:36] crowsnest: /dev/v4l/by-id/usb-SunplusIT_Inc_FHD_Camera_Microphone_01.00.00-video-index0 -> /dev/video0
[02/16/24 13:54:36] crowsnest: Supported Formats:
[02/16/24 13:54:36] crowsnest:		[0]: 'MJPG' (Motion-JPEG, compressed)
[02/16/24 13:54:36] crowsnest:		Size: Discrete 640x480
[02/16/24 13:54:36] crowsnest:		Interval: Discrete 0.033s (30.000 fps)
[02/16/24 13:54:36] crowsnest:		Size: Discrete 1600x896
[02/16/24 13:54:36] crowsnest:		Interval: Discrete 0.033s (30.000 fps)
[02/16/24 13:54:36] crowsnest:		Size: Discrete 1280x720
[02/16/24 13:54:36] crowsnest:		Interval: Discrete 0.033s (30.000 fps)
[02/16/24 13:54:36] crowsnest:		Size: Discrete 1024x576
[02/16/24 13:54:36] crowsnest:		Interval: Discrete 0.033s (30.000 fps)
[02/16/24 13:54:36] crowsnest:		Size: Discrete 800x600
[02/16/24 13:54:36] crowsnest:		Interval: Discrete 0.033s (30.000 fps)
[02/16/24 13:54:36] crowsnest:		Size: Discrete 800x480
[02/16/24 13:54:36] crowsnest:		Interval: Discrete 0.033s (30.000 fps)
[02/16/24 13:54:36] crowsnest:		Size: Discrete 640x360
[02/16/24 13:54:36] crowsnest:		Interval: Discrete 0.033s (30.000 fps)
[02/16/24 13:54:36] crowsnest:		Size: Discrete 424x240
[02/16/24 13:54:36] crowsnest:		Interval: Discrete 0.033s (30.000 fps)
[02/16/24 13:54:36] crowsnest:		Size: Discrete 352x288
[02/16/24 13:54:36] crowsnest:		Interval: Discrete 0.033s (30.000 fps)
[02/16/24 13:54:36] crowsnest:		Size: Discrete 1920x1080
[02/16/24 13:54:36] crowsnest:		Interval: Discrete 0.033s (30.000 fps)
[02/16/24 13:54:36] crowsnest:		[1]: 'YUYV' (YUYV 4:2:2)
[02/16/24 13:54:36] crowsnest:		Size: Discrete 640x480
[02/16/24 13:54:36] crowsnest:		Interval: Discrete 0.033s (30.000 fps)
[02/16/24 13:54:36] crowsnest:		Size: Discrete 1600x896
[02/16/24 13:54:36] crowsnest:		Interval: Discrete 0.133s (7.500 fps)
[02/16/24 13:54:36] crowsnest:		Size: Discrete 1280x720
[02/16/24 13:54:36] crowsnest:		Interval: Discrete 0.100s (10.000 fps)
[02/16/24 13:54:36] crowsnest:		Size: Discrete 1024x576
[02/16/24 13:54:36] crowsnest:		Interval: Discrete 0.100s (10.000 fps)
[02/16/24 13:54:36] crowsnest:		Size: Discrete 800x600
[02/16/24 13:54:36] crowsnest:		Interval: Discrete 0.067s (15.000 fps)
[02/16/24 13:54:36] crowsnest:		Size: Discrete 800x480
[02/16/24 13:54:36] crowsnest:		Interval: Discrete 0.040s (25.000 fps)
[02/16/24 13:54:36] crowsnest:		Size: Discrete 640x360
[02/16/24 13:54:36] crowsnest:		Interval: Discrete 0.033s (30.000 fps)
[02/16/24 13:54:36] crowsnest:		Size: Discrete 424x240
[02/16/24 13:54:36] crowsnest:		Interval: Discrete 0.033s (30.000 fps)
[02/16/24 13:54:36] crowsnest:		Size: Discrete 352x288
[02/16/24 13:54:36] crowsnest:		Interval: Discrete 0.033s (30.000 fps)
[02/16/24 13:54:36] crowsnest:		Size: Discrete 1920x1080
[02/16/24 13:54:36] crowsnest:		Interval: Discrete 0.200s (5.000 fps)
[02/16/24 13:54:36] crowsnest: Supported Controls:
[02/16/24 13:54:36] crowsnest:		
[02/16/24 13:54:36] crowsnest:		User Controls
[02/16/24 13:54:36] crowsnest:		
[02/16/24 13:54:36] crowsnest:		brightness 0x00980900 (int)    : min=-64 max=64 step=1 default=0 value=0
[02/16/24 13:54:36] crowsnest:		contrast 0x00980901 (int)    : min=0 max=95 step=1 default=1 value=1
[02/16/24 13:54:36] crowsnest:		saturation 0x00980902 (int)    : min=0 max=100 step=1 default=64 value=64
[02/16/24 13:54:36] crowsnest:		hue 0x00980903 (int)    : min=-2000 max=2000 step=1 default=0 value=0
[02/16/24 13:54:36] crowsnest:		white_balance_automatic 0x0098090c (bool)   : default=1 value=1
[02/16/24 13:54:36] crowsnest:		gamma 0x00980910 (int)    : min=100 max=300 step=1 default=100 value=100
[02/16/24 13:54:36] crowsnest:		power_line_frequency 0x00980918 (menu)   : min=0 max=2 default=1 value=1
[02/16/24 13:54:36] crowsnest:		0: Disabled
[02/16/24 13:54:36] crowsnest:		1: 50 Hz
[02/16/24 13:54:36] crowsnest:		2: 60 Hz
[02/16/24 13:54:36] crowsnest:		white_balance_temperature 0x0098091a (int)    : min=2800 max=6500 step=1 default=4600 value=4600 flags=inactive
[02/16/24 13:54:36] crowsnest:		sharpness 0x0098091b (int)    : min=1 max=7 step=1 default=2 value=2
[02/16/24 13:54:36] crowsnest:		backlight_compensation 0x0098091c (int)    : min=0 max=1 step=1 default=1 value=1
[02/16/24 13:54:36] crowsnest:		
[02/16/24 13:54:36] crowsnest:		Camera Controls
[02/16/24 13:54:36] crowsnest:		
[02/16/24 13:54:36] crowsnest:		auto_exposure 0x009a0901 (menu)   : min=0 max=3 default=3 value=3
[02/16/24 13:54:36] crowsnest:		1: Manual Mode
[02/16/24 13:54:36] crowsnest:		3: Aperture Priority Mode
[02/16/24 13:54:36] crowsnest:		exposure_time_absolute 0x009a0902 (int)    : min=3 max=2047 step=1 default=166 value=166 flags=inactive
[02/16/24 13:54:36] crowsnest:		focus_absolute 0x009a090a (int)    : min=0 max=1023 step=1 default=0 value=150 flags=inactive
[02/16/24 13:54:36] crowsnest:		focus_automatic_continuous 0x009a090c (bool)   : default=0 value=1
[02/16/24 13:54:36] crowsnest: Try to start configured Cams / Services...
[02/16/24 13:54:39] crowsnest: INFO: Configuration of Section [cam 1] looks good. Continue ...
[02/16/24 13:54:40] crowsnest: V4L2 Control: No parameters set for [cam 1]. Skipped.
[02/16/24 13:54:44] crowsnest: Starting ustreamer with Device /dev/video0 ...
[02/16/24 13:54:46] crowsnest:  ... Done!
[02/17/24 20:54:53] crowsnest: Shutdown or Killed by User!
[02/17/24 20:54:53] crowsnest: Please come again :)
[02/17/24 20:54:53] crowsnest: Goodbye...
[02/17/24 20:55:10] crowsnest: crowsnest - A webcam Service for multiple Cams and Stream Services.
[02/17/24 20:55:10] crowsnest: Version: v4.1.3-1-gc0c9c41
[02/17/24 20:55:10] crowsnest: Prepare Startup ...
[02/17/24 20:55:11] crowsnest: INFO: Host information:
[02/17/24 20:55:11] crowsnest: Host Info: Distribution: Debian GNU/Linux 11 (bullseye)
[02/17/24 20:55:11] crowsnest: Host Info: Release: MainsailOS release 1.3.2 (bullseye)
[02/17/24 20:55:11] crowsnest: Host Info: Kernel: Linux 6.1.21-v8+ aarch64
[02/17/24 20:55:11] crowsnest: Host Info: Model:  Raspberry Pi 3 Model B Rev 1.2
[02/17/24 20:55:11] crowsnest: Host Info: Available CPU Cores: 4
[02/17/24 20:55:11] crowsnest: Host Info: Available Memory: 880336 kB
[02/17/24 20:55:11] crowsnest: Host Info: Diskspace (avail. / total): 52G / 59G
[02/17/24 20:55:11] crowsnest: INFO: Checking Dependencies
[02/17/24 20:55:11] crowsnest: Dependency: 'crudini' found in /usr/bin/crudini.
[02/17/24 20:55:11] crowsnest: Dependency: 'find' found in /usr/bin/find.
[02/17/24 20:55:11] crowsnest: Dependency: 'xargs' found in /usr/bin/xargs.
[02/17/24 20:55:11] crowsnest: Dependency: 'ustreamer' found in bin/ustreamer/ustreamer.
[02/17/24 20:55:11] crowsnest: Dependency: 'camera-streamer' found in bin/camera-streamer/camera-streamer.
[02/17/24 20:55:11] crowsnest: Version Control: ustreamer is up to date. (v5.48)
[02/17/24 20:55:13] crowsnest: Version Control: camera-streamer is up to date. ((f1627aa))
[02/17/24 20:55:13] crowsnest: INFO: Print Configfile: '/home/twoscoopsofpig/printer_data/config/crowsnest.conf'
[02/17/24 20:55:13] crowsnest:		[crowsnest]
[02/17/24 20:55:13] crowsnest:		log_path: /home/twoscoopsofpig/printer_data/logs/crowsnest.log
[02/17/24 20:55:13] crowsnest:		log_level: verbose
[02/17/24 20:55:13] crowsnest:		delete_log: false
[02/17/24 20:55:13] crowsnest:		no_proxy: false
[02/17/24 20:55:13] crowsnest:		
[02/17/24 20:55:13] crowsnest:		[cam 1]
[02/17/24 20:55:13] crowsnest:		mode: ustreamer
[02/17/24 20:55:13] crowsnest:		
[02/17/24 20:55:13] crowsnest:		enable_rtsp: false
[02/17/24 20:55:13] crowsnest:		rtsp_port: 8554
[02/17/24 20:55:13] crowsnest:		port: 8080
[02/17/24 20:55:13] crowsnest:		device: /dev/video0
[02/17/24 20:55:13] crowsnest:		resolution: 640x480
[02/17/24 20:55:13] crowsnest:		max_fps: 15
[02/17/24 20:55:14] crowsnest: INFO: Detect available Devices
[02/17/24 20:55:14] crowsnest: INFO: Found 1 total available Device(s)
[02/17/24 20:55:14] crowsnest: INFO: Found 1 available v4l2 (UVC) camera(s)
[02/17/24 20:55:14] crowsnest: /dev/v4l/by-id/usb-SunplusIT_Inc_FHD_Camera_Microphone_01.00.00-video-index0 -> /dev/video0
[02/17/24 20:55:14] crowsnest: Supported Formats:
[02/17/24 20:55:14] crowsnest:		[0]: 'MJPG' (Motion-JPEG, compressed)
[02/17/24 20:55:14] crowsnest:		Size: Discrete 640x480
[02/17/24 20:55:14] crowsnest:		Interval: Discrete 0.033s (30.000 fps)
[02/17/24 20:55:14] crowsnest:		Size: Discrete 1600x896
[02/17/24 20:55:14] crowsnest:		Interval: Discrete 0.033s (30.000 fps)
[02/17/24 20:55:14] crowsnest:		Size: Discrete 1280x720
[02/17/24 20:55:14] crowsnest:		Interval: Discrete 0.033s (30.000 fps)
[02/17/24 20:55:14] crowsnest:		Size: Discrete 1024x576
[02/17/24 20:55:14] crowsnest:		Interval: Discrete 0.033s (30.000 fps)
[02/17/24 20:55:14] crowsnest:		Size: Discrete 800x600
[02/17/24 20:55:14] crowsnest:		Interval: Discrete 0.033s (30.000 fps)
[02/17/24 20:55:14] crowsnest:		Size: Discrete 800x480
[02/17/24 20:55:14] crowsnest:		Interval: Discrete 0.033s (30.000 fps)
[02/17/24 20:55:14] crowsnest:		Size: Discrete 640x360
[02/17/24 20:55:14] crowsnest:		Interval: Discrete 0.033s (30.000 fps)
[02/17/24 20:55:14] crowsnest:		Size: Discrete 424x240
[02/17/24 20:55:14] crowsnest:		Interval: Discrete 0.033s (30.000 fps)
[02/17/24 20:55:14] crowsnest:		Size: Discrete 352x288
[02/17/24 20:55:14] crowsnest:		Interval: Discrete 0.033s (30.000 fps)
[02/17/24 20:55:14] crowsnest:		Size: Discrete 1920x1080
[02/17/24 20:55:14] crowsnest:		Interval: Discrete 0.033s (30.000 fps)
[02/17/24 20:55:14] crowsnest:		[1]: 'YUYV' (YUYV 4:2:2)
[02/17/24 20:55:14] crowsnest:		Size: Discrete 640x480
[02/17/24 20:55:14] crowsnest:		Interval: Discrete 0.033s (30.000 fps)
[02/17/24 20:55:14] crowsnest:		Size: Discrete 1600x896
[02/17/24 20:55:14] crowsnest:		Interval: Discrete 0.133s (7.500 fps)
[02/17/24 20:55:14] crowsnest:		Size: Discrete 1280x720
[02/17/24 20:55:14] crowsnest:		Interval: Discrete 0.100s (10.000 fps)
[02/17/24 20:55:14] crowsnest:		Size: Discrete 1024x576
[02/17/24 20:55:14] crowsnest:		Interval: Discrete 0.100s (10.000 fps)
[02/17/24 20:55:14] crowsnest:		Size: Discrete 800x600
[02/17/24 20:55:14] crowsnest:		Interval: Discrete 0.067s (15.000 fps)
[02/17/24 20:55:14] crowsnest:		Size: Discrete 800x480
[02/17/24 20:55:14] crowsnest:		Interval: Discrete 0.040s (25.000 fps)
[02/17/24 20:55:14] crowsnest:		Size: Discrete 640x360
[02/17/24 20:55:14] crowsnest:		Interval: Discrete 0.033s (30.000 fps)
[02/17/24 20:55:14] crowsnest:		Size: Discrete 424x240
[02/17/24 20:55:14] crowsnest:		Interval: Discrete 0.033s (30.000 fps)
[02/17/24 20:55:14] crowsnest:		Size: Discrete 352x288
[02/17/24 20:55:14] crowsnest:		Interval: Discrete 0.033s (30.000 fps)
[02/17/24 20:55:14] crowsnest:		Size: Discrete 1920x1080
[02/17/24 20:55:14] crowsnest:		Interval: Discrete 0.200s (5.000 fps)
[02/17/24 20:55:14] crowsnest: Supported Controls:
[02/17/24 20:55:14] crowsnest:		
[02/17/24 20:55:14] crowsnest:		User Controls
[02/17/24 20:55:14] crowsnest:		
[02/17/24 20:55:14] crowsnest:		brightness 0x00980900 (int)    : min=-64 max=64 step=1 default=0 value=0
[02/17/24 20:55:14] crowsnest:		contrast 0x00980901 (int)    : min=0 max=95 step=1 default=1 value=1
[02/17/24 20:55:14] crowsnest:		saturation 0x00980902 (int)    : min=0 max=100 step=1 default=64 value=64
[02/17/24 20:55:14] crowsnest:		hue 0x00980903 (int)    : min=-2000 max=2000 step=1 default=0 value=0
[02/17/24 20:55:14] crowsnest:		white_balance_automatic 0x0098090c (bool)   : default=1 value=1
[02/17/24 20:55:14] crowsnest:		gamma 0x00980910 (int)    : min=100 max=300 step=1 default=100 value=100
[02/17/24 20:55:14] crowsnest:		power_line_frequency 0x00980918 (menu)   : min=0 max=2 default=1 value=1
[02/17/24 20:55:14] crowsnest:		0: Disabled
[02/17/24 20:55:14] crowsnest:		1: 50 Hz
[02/17/24 20:55:14] crowsnest:		2: 60 Hz
[02/17/24 20:55:14] crowsnest:		white_balance_temperature 0x0098091a (int)    : min=2800 max=6500 step=1 default=4600 value=4600 flags=inactive
[02/17/24 20:55:14] crowsnest:		sharpness 0x0098091b (int)    : min=1 max=7 step=1 default=2 value=2
[02/17/24 20:55:14] crowsnest:		backlight_compensation 0x0098091c (int)    : min=0 max=1 step=1 default=1 value=1
[02/17/24 20:55:14] crowsnest:		
[02/17/24 20:55:14] crowsnest:		Camera Controls
[02/17/24 20:55:14] crowsnest:		
[02/17/24 20:55:14] crowsnest:		auto_exposure 0x009a0901 (menu)   : min=0 max=3 default=3 value=3
[02/17/24 20:55:14] crowsnest:		1: Manual Mode
[02/17/24 20:55:14] crowsnest:		3: Aperture Priority Mode
[02/17/24 20:55:14] crowsnest:		exposure_time_absolute 0x009a0902 (int)    : min=3 max=2047 step=1 default=166 value=166 flags=inactive
[02/17/24 20:55:14] crowsnest:		focus_absolute 0x009a090a (int)    : min=0 max=1023 step=1 default=0 value=150 flags=inactive
[02/17/24 20:55:14] crowsnest:		focus_automatic_continuous 0x009a090c (bool)   : default=0 value=1
[02/17/24 20:55:14] crowsnest: Try to start configured Cams / Services...
[02/17/24 20:55:18] crowsnest: INFO: Configuration of Section [cam 1] looks good. Continue ...
[02/17/24 20:55:19] crowsnest: V4L2 Control: No parameters set for [cam 1]. Skipped.
[02/17/24 20:55:22] crowsnest: Starting ustreamer with Device /dev/video0 ...
[02/17/24 20:55:24] crowsnest:  ... Done!
[02/21/24 13:37:07] crowsnest: Shutdown or Killed by User!
[02/21/24 13:37:07] crowsnest: Please come again :)
[02/21/24 13:37:07] crowsnest: Goodbye...
[02/21/24 13:37:08] crowsnest: crowsnest - A webcam Service for multiple Cams and Stream Services.
[02/21/24 13:37:08] crowsnest: Version: v4.1.4-1-gba0ac8f
[02/21/24 13:37:08] crowsnest: Prepare Startup ...
[02/21/24 13:37:08] crowsnest: INFO: Host information:
[02/21/24 13:37:08] crowsnest: Host Info: Distribution: Debian GNU/Linux 11 (bullseye)
[02/21/24 13:37:08] crowsnest: Host Info: Release: MainsailOS release 1.3.2 (bullseye)
[02/21/24 13:37:08] crowsnest: Host Info: Kernel: Linux 6.1.21-v8+ aarch64
[02/21/24 13:37:08] crowsnest: Host Info: Model:  Raspberry Pi 3 Model B Rev 1.2
[02/21/24 13:37:08] crowsnest: Host Info: Available CPU Cores: 4
[02/21/24 13:37:08] crowsnest: Host Info: Available Memory: 880336 kB
[02/21/24 13:37:08] crowsnest: Host Info: Diskspace (avail. / total): 51G / 59G
[02/21/24 13:37:08] crowsnest: INFO: Checking Dependencies
[02/21/24 13:37:08] crowsnest: Dependency: 'crudini' found in /usr/bin/crudini.
[02/21/24 13:37:08] crowsnest: Dependency: 'find' found in /usr/bin/find.
[02/21/24 13:37:08] crowsnest: Dependency: 'xargs' found in /usr/bin/xargs.
[02/21/24 13:37:08] crowsnest: Dependency: 'ustreamer' found in bin/ustreamer/ustreamer.
[02/21/24 13:37:08] crowsnest: Dependency: 'camera-streamer' found in bin/camera-streamer/camera-streamer.
[02/21/24 13:37:08] crowsnest: Version Control: ustreamer is up to date. (v5.48)
[02/21/24 13:37:09] crowsnest: Version Control: camera-streamer is up to date. ((f1627aa))
[02/21/24 13:37:09] crowsnest: INFO: Print Configfile: '/home/twoscoopsofpig/printer_data/config/crowsnest.conf'
[02/21/24 13:37:09] crowsnest:		[crowsnest]
[02/21/24 13:37:09] crowsnest:		log_path: /home/twoscoopsofpig/printer_data/logs/crowsnest.log
[02/21/24 13:37:09] crowsnest:		log_level: verbose
[02/21/24 13:37:09] crowsnest:		delete_log: false
[02/21/24 13:37:09] crowsnest:		no_proxy: false
[02/21/24 13:37:09] crowsnest:		
[02/21/24 13:37:09] crowsnest:		[cam 1]
[02/21/24 13:37:09] crowsnest:		mode: ustreamer
[02/21/24 13:37:09] crowsnest:		
[02/21/24 13:37:09] crowsnest:		enable_rtsp: false
[02/21/24 13:37:09] crowsnest:		rtsp_port: 8554
[02/21/24 13:37:09] crowsnest:		port: 8080
[02/21/24 13:37:09] crowsnest:		device: /dev/video0
[02/21/24 13:37:09] crowsnest:		resolution: 640x480
[02/21/24 13:37:09] crowsnest:		max_fps: 15
[02/21/24 13:37:09] crowsnest: INFO: Detect available Devices
[02/21/24 13:37:09] crowsnest: INFO: Found 1 total available Device(s)
[02/21/24 13:37:09] crowsnest: INFO: Found 1 available v4l2 (UVC) camera(s)
[02/21/24 13:37:09] crowsnest: /dev/v4l/by-id/usb-SunplusIT_Inc_FHD_Camera_Microphone_01.00.00-video-index0 -> /dev/video0
[02/21/24 13:37:09] crowsnest: Supported Formats:
[02/21/24 13:37:09] crowsnest:		[0]: 'MJPG' (Motion-JPEG, compressed)
[02/21/24 13:37:09] crowsnest:		Size: Discrete 640x480
[02/21/24 13:37:09] crowsnest:		Interval: Discrete 0.033s (30.000 fps)
[02/21/24 13:37:09] crowsnest:		Size: Discrete 1600x896
[02/21/24 13:37:09] crowsnest:		Interval: Discrete 0.033s (30.000 fps)
[02/21/24 13:37:09] crowsnest:		Size: Discrete 1280x720
[02/21/24 13:37:09] crowsnest:		Interval: Discrete 0.033s (30.000 fps)
[02/21/24 13:37:09] crowsnest:		Size: Discrete 1024x576
[02/21/24 13:37:09] crowsnest:		Interval: Discrete 0.033s (30.000 fps)
[02/21/24 13:37:09] crowsnest:		Size: Discrete 800x600
[02/21/24 13:37:09] crowsnest:		Interval: Discrete 0.033s (30.000 fps)
[02/21/24 13:37:09] crowsnest:		Size: Discrete 800x480
[02/21/24 13:37:09] crowsnest:		Interval: Discrete 0.033s (30.000 fps)
[02/21/24 13:37:09] crowsnest:		Size: Discrete 640x360
[02/21/24 13:37:09] crowsnest:		Interval: Discrete 0.033s (30.000 fps)
[02/21/24 13:37:09] crowsnest:		Size: Discrete 424x240
[02/21/24 13:37:09] crowsnest:		Interval: Discrete 0.033s (30.000 fps)
[02/21/24 13:37:09] crowsnest:		Size: Discrete 352x288
[02/21/24 13:37:09] crowsnest:		Interval: Discrete 0.033s (30.000 fps)
[02/21/24 13:37:09] crowsnest:		Size: Discrete 1920x1080
[02/21/24 13:37:09] crowsnest:		Interval: Discrete 0.033s (30.000 fps)
[02/21/24 13:37:09] crowsnest:		[1]: 'YUYV' (YUYV 4:2:2)
[02/21/24 13:37:09] crowsnest:		Size: Discrete 640x480
[02/21/24 13:37:09] crowsnest:		Interval: Discrete 0.033s (30.000 fps)
[02/21/24 13:37:09] crowsnest:		Size: Discrete 1600x896
[02/21/24 13:37:09] crowsnest:		Interval: Discrete 0.133s (7.500 fps)
[02/21/24 13:37:09] crowsnest:		Size: Discrete 1280x720
[02/21/24 13:37:09] crowsnest:		Interval: Discrete 0.100s (10.000 fps)
[02/21/24 13:37:09] crowsnest:		Size: Discrete 1024x576
[02/21/24 13:37:09] crowsnest:		Interval: Discrete 0.100s (10.000 fps)
[02/21/24 13:37:09] crowsnest:		Size: Discrete 800x600
[02/21/24 13:37:09] crowsnest:		Interval: Discrete 0.067s (15.000 fps)
[02/21/24 13:37:09] crowsnest:		Size: Discrete 800x480
[02/21/24 13:37:09] crowsnest:		Interval: Discrete 0.040s (25.000 fps)
[02/21/24 13:37:09] crowsnest:		Size: Discrete 640x360
[02/21/24 13:37:09] crowsnest:		Interval: Discrete 0.033s (30.000 fps)
[02/21/24 13:37:09] crowsnest:		Size: Discrete 424x240
[02/21/24 13:37:09] crowsnest:		Interval: Discrete 0.033s (30.000 fps)
[02/21/24 13:37:09] crowsnest:		Size: Discrete 352x288
[02/21/24 13:37:09] crowsnest:		Interval: Discrete 0.033s (30.000 fps)
[02/21/24 13:37:09] crowsnest:		Size: Discrete 1920x1080
[02/21/24 13:37:09] crowsnest:		Interval: Discrete 0.200s (5.000 fps)
[02/21/24 13:37:09] crowsnest: Supported Controls:
[02/21/24 13:37:09] crowsnest:		
[02/21/24 13:37:09] crowsnest:		User Controls
[02/21/24 13:37:09] crowsnest:		
[02/21/24 13:37:09] crowsnest:		brightness 0x00980900 (int)    : min=-64 max=64 step=1 default=0 value=0
[02/21/24 13:37:09] crowsnest:		contrast 0x00980901 (int)    : min=0 max=95 step=1 default=1 value=1
[02/21/24 13:37:09] crowsnest:		saturation 0x00980902 (int)    : min=0 max=100 step=1 default=64 value=64
[02/21/24 13:37:09] crowsnest:		hue 0x00980903 (int)    : min=-2000 max=2000 step=1 default=0 value=0
[02/21/24 13:37:09] crowsnest:		white_balance_automatic 0x0098090c (bool)   : default=1 value=1
[02/21/24 13:37:09] crowsnest:		gamma 0x00980910 (int)    : min=100 max=300 step=1 default=100 value=100
[02/21/24 13:37:09] crowsnest:		power_line_frequency 0x00980918 (menu)   : min=0 max=2 default=1 value=1
[02/21/24 13:37:09] crowsnest:		0: Disabled
[02/21/24 13:37:09] crowsnest:		1: 50 Hz
[02/21/24 13:37:09] crowsnest:		2: 60 Hz
[02/21/24 13:37:09] crowsnest:		white_balance_temperature 0x0098091a (int)    : min=2800 max=6500 step=1 default=4600 value=4600 flags=inactive
[02/21/24 13:37:09] crowsnest:		sharpness 0x0098091b (int)    : min=1 max=7 step=1 default=2 value=2
[02/21/24 13:37:09] crowsnest:		backlight_compensation 0x0098091c (int)    : min=0 max=1 step=1 default=1 value=1
[02/21/24 13:37:09] crowsnest:		
[02/21/24 13:37:09] crowsnest:		Camera Controls
[02/21/24 13:37:09] crowsnest:		
[02/21/24 13:37:09] crowsnest:		auto_exposure 0x009a0901 (menu)   : min=0 max=3 default=3 value=3
[02/21/24 13:37:09] crowsnest:		1: Manual Mode
[02/21/24 13:37:09] crowsnest:		3: Aperture Priority Mode
[02/21/24 13:37:09] crowsnest:		exposure_time_absolute 0x009a0902 (int)    : min=3 max=2047 step=1 default=166 value=166 flags=inactive
[02/21/24 13:37:09] crowsnest:		focus_absolute 0x009a090a (int)    : min=0 max=1023 step=1 default=0 value=150 flags=inactive
[02/21/24 13:37:09] crowsnest:		focus_automatic_continuous 0x009a090c (bool)   : default=0 value=1
[02/21/24 13:37:09] crowsnest: Try to start configured Cams / Services...
[02/21/24 13:37:12] crowsnest: INFO: Configuration of Section [cam 1] looks good. Continue ...
[02/21/24 13:37:13] crowsnest: V4L2 Control: No parameters set for [cam 1]. Skipped.
[02/21/24 13:37:16] crowsnest: Starting ustreamer with Device /dev/video0 ...
[02/21/24 13:37:18] crowsnest:  ... Done!
[02/26/24 09:31:35] crowsnest: crowsnest - A webcam Service for multiple Cams and Stream Services.
[02/26/24 09:31:35] crowsnest: Version: v4.1.4-1-gba0ac8f
[02/26/24 09:31:35] crowsnest: Prepare Startup ...
[02/26/24 09:31:36] crowsnest: INFO: Host information:
[02/26/24 09:31:36] crowsnest: Host Info: Distribution: Debian GNU/Linux 11 (bullseye)
[02/26/24 09:31:36] crowsnest: Host Info: Release: MainsailOS release 1.3.2 (bullseye)
[02/26/24 09:31:36] crowsnest: Host Info: Kernel: Linux 6.1.21-v8+ aarch64
[02/26/24 09:31:36] crowsnest: Host Info: Model:  Raspberry Pi 3 Model B Rev 1.2
[02/26/24 09:31:36] crowsnest: Host Info: Available CPU Cores: 4
[02/26/24 09:31:36] crowsnest: Host Info: Available Memory: 880336 kB
[02/26/24 09:31:36] crowsnest: Host Info: Diskspace (avail. / total): 51G / 59G
[02/26/24 09:31:36] crowsnest: INFO: Checking Dependencies
[02/26/24 09:31:36] crowsnest: Dependency: 'crudini' found in /usr/bin/crudini.
[02/26/24 09:31:36] crowsnest: Dependency: 'find' found in /usr/bin/find.
[02/26/24 09:31:36] crowsnest: Dependency: 'xargs' found in /usr/bin/xargs.
[02/26/24 09:31:36] crowsnest: Dependency: 'ustreamer' found in bin/ustreamer/ustreamer.
[02/26/24 09:31:36] crowsnest: Dependency: 'camera-streamer' found in bin/camera-streamer/camera-streamer.
[02/26/24 09:31:36] crowsnest: Version Control: ustreamer is up to date. (v5.48)
[02/26/24 09:31:38] crowsnest: Version Control: camera-streamer is up to date. ((f1627aa))
[02/26/24 09:31:38] crowsnest: INFO: Print Configfile: '/home/twoscoopsofpig/printer_data/config/crowsnest.conf'
[02/26/24 09:31:38] crowsnest:		[crowsnest]
[02/26/24 09:31:38] crowsnest:		log_path: /home/twoscoopsofpig/printer_data/logs/crowsnest.log
[02/26/24 09:31:38] crowsnest:		log_level: verbose
[02/26/24 09:31:38] crowsnest:		delete_log: false
[02/26/24 09:31:38] crowsnest:		no_proxy: false
[02/26/24 09:31:38] crowsnest:		
[02/26/24 09:31:38] crowsnest:		[cam 1]
[02/26/24 09:31:38] crowsnest:		mode: ustreamer
[02/26/24 09:31:38] crowsnest:		
[02/26/24 09:31:38] crowsnest:		enable_rtsp: false
[02/26/24 09:31:38] crowsnest:		rtsp_port: 8554
[02/26/24 09:31:38] crowsnest:		port: 8080
[02/26/24 09:31:38] crowsnest:		device: /dev/video0
[02/26/24 09:31:38] crowsnest:		resolution: 640x480
[02/26/24 09:31:38] crowsnest:		max_fps: 15
[02/26/24 09:31:38] crowsnest: INFO: Detect available Devices
[02/26/24 09:31:39] crowsnest: INFO: Found 1 total available Device(s)
[02/26/24 09:31:39] crowsnest: INFO: Found 1 available v4l2 (UVC) camera(s)
[02/26/24 09:31:39] crowsnest: /dev/v4l/by-id/usb-SunplusIT_Inc_FHD_Camera_Microphone_01.00.00-video-index0 -> /dev/video0
[02/26/24 09:31:39] crowsnest: Supported Formats:
[02/26/24 09:31:39] crowsnest:		[0]: 'MJPG' (Motion-JPEG, compressed)
[02/26/24 09:31:39] crowsnest:		Size: Discrete 640x480
[02/26/24 09:31:39] crowsnest:		Interval: Discrete 0.033s (30.000 fps)
[02/26/24 09:31:39] crowsnest:		Size: Discrete 1600x896
[02/26/24 09:31:39] crowsnest:		Interval: Discrete 0.033s (30.000 fps)
[02/26/24 09:31:39] crowsnest:		Size: Discrete 1280x720
[02/26/24 09:31:39] crowsnest:		Interval: Discrete 0.033s (30.000 fps)
[02/26/24 09:31:39] crowsnest:		Size: Discrete 1024x576
[02/26/24 09:31:39] crowsnest:		Interval: Discrete 0.033s (30.000 fps)
[02/26/24 09:31:39] crowsnest:		Size: Discrete 800x600
[02/26/24 09:31:39] crowsnest:		Interval: Discrete 0.033s (30.000 fps)
[02/26/24 09:31:39] crowsnest:		Size: Discrete 800x480
[02/26/24 09:31:39] crowsnest:		Interval: Discrete 0.033s (30.000 fps)
[02/26/24 09:31:39] crowsnest:		Size: Discrete 640x360
[02/26/24 09:31:39] crowsnest:		Interval: Discrete 0.033s (30.000 fps)
[02/26/24 09:31:39] crowsnest:		Size: Discrete 424x240
[02/26/24 09:31:39] crowsnest:		Interval: Discrete 0.033s (30.000 fps)
[02/26/24 09:31:39] crowsnest:		Size: Discrete 352x288
[02/26/24 09:31:39] crowsnest:		Interval: Discrete 0.033s (30.000 fps)
[02/26/24 09:31:39] crowsnest:		Size: Discrete 1920x1080
[02/26/24 09:31:39] crowsnest:		Interval: Discrete 0.033s (30.000 fps)
[02/26/24 09:31:39] crowsnest:		[1]: 'YUYV' (YUYV 4:2:2)
[02/26/24 09:31:39] crowsnest:		Size: Discrete 640x480
[02/26/24 09:31:39] crowsnest:		Interval: Discrete 0.033s (30.000 fps)
[02/26/24 09:31:39] crowsnest:		Size: Discrete 1600x896
[02/26/24 09:31:39] crowsnest:		Interval: Discrete 0.133s (7.500 fps)
[02/26/24 09:31:39] crowsnest:		Size: Discrete 1280x720
[02/26/24 09:31:39] crowsnest:		Interval: Discrete 0.100s (10.000 fps)
[02/26/24 09:31:39] crowsnest:		Size: Discrete 1024x576
[02/26/24 09:31:39] crowsnest:		Interval: Discrete 0.100s (10.000 fps)
[02/26/24 09:31:39] crowsnest:		Size: Discrete 800x600
[02/26/24 09:31:39] crowsnest:		Interval: Discrete 0.067s (15.000 fps)
[02/26/24 09:31:39] crowsnest:		Size: Discrete 800x480
[02/26/24 09:31:39] crowsnest:		Interval: Discrete 0.040s (25.000 fps)
[02/26/24 09:31:39] crowsnest:		Size: Discrete 640x360
[02/26/24 09:31:39] crowsnest:		Interval: Discrete 0.033s (30.000 fps)
[02/26/24 09:31:39] crowsnest:		Size: Discrete 424x240
[02/26/24 09:31:39] crowsnest:		Interval: Discrete 0.033s (30.000 fps)
[02/26/24 09:31:39] crowsnest:		Size: Discrete 352x288
[02/26/24 09:31:39] crowsnest:		Interval: Discrete 0.033s (30.000 fps)
[02/26/24 09:31:39] crowsnest:		Size: Discrete 1920x1080
[02/26/24 09:31:39] crowsnest:		Interval: Discrete 0.200s (5.000 fps)
[02/26/24 09:31:39] crowsnest: Supported Controls:
[02/26/24 09:31:39] crowsnest:		
[02/26/24 09:31:39] crowsnest:		User Controls
[02/26/24 09:31:39] crowsnest:		
[02/26/24 09:31:39] crowsnest:		brightness 0x00980900 (int)    : min=-64 max=64 step=1 default=0 value=0
[02/26/24 09:31:39] crowsnest:		contrast 0x00980901 (int)    : min=0 max=95 step=1 default=1 value=1
[02/26/24 09:31:39] crowsnest:		saturation 0x00980902 (int)    : min=0 max=100 step=1 default=64 value=64
[02/26/24 09:31:39] crowsnest:		hue 0x00980903 (int)    : min=-2000 max=2000 step=1 default=0 value=0
[02/26/24 09:31:39] crowsnest:		white_balance_automatic 0x0098090c (bool)   : default=1 value=1
[02/26/24 09:31:39] crowsnest:		gamma 0x00980910 (int)    : min=100 max=300 step=1 default=100 value=100
[02/26/24 09:31:39] crowsnest:		power_line_frequency 0x00980918 (menu)   : min=0 max=2 default=1 value=1
[02/26/24 09:31:39] crowsnest:		0: Disabled
[02/26/24 09:31:39] crowsnest:		1: 50 Hz
[02/26/24 09:31:39] crowsnest:		2: 60 Hz
[02/26/24 09:31:39] crowsnest:		white_balance_temperature 0x0098091a (int)    : min=2800 max=6500 step=1 default=4600 value=4600 flags=inactive
[02/26/24 09:31:39] crowsnest:		sharpness 0x0098091b (int)    : min=1 max=7 step=1 default=2 value=2
[02/26/24 09:31:39] crowsnest:		backlight_compensation 0x0098091c (int)    : min=0 max=1 step=1 default=1 value=1
[02/26/24 09:31:39] crowsnest:		
[02/26/24 09:31:39] crowsnest:		Camera Controls
[02/26/24 09:31:39] crowsnest:		
[02/26/24 09:31:39] crowsnest:		auto_exposure 0x009a0901 (menu)   : min=0 max=3 default=3 value=3
[02/26/24 09:31:39] crowsnest:		1: Manual Mode
[02/26/24 09:31:39] crowsnest:		3: Aperture Priority Mode
[02/26/24 09:31:39] crowsnest:		exposure_time_absolute 0x009a0902 (int)    : min=3 max=2047 step=1 default=166 value=166 flags=inactive
[02/26/24 09:31:39] crowsnest:		focus_absolute 0x009a090a (int)    : min=0 max=1023 step=1 default=0 value=150 flags=inactive
[02/26/24 09:31:39] crowsnest:		focus_automatic_continuous 0x009a090c (bool)   : default=0 value=1
[02/26/24 09:31:39] crowsnest: Try to start configured Cams / Services...
[02/26/24 09:31:43] crowsnest: INFO: Configuration of Section [cam 1] looks good. Continue ...
[02/26/24 09:31:44] crowsnest: V4L2 Control: No parameters set for [cam 1]. Skipped.
[02/26/24 09:31:47] crowsnest: Starting ustreamer with Device /dev/video0 ...
[02/26/24 09:31:49] crowsnest:  ... Done!
[02/26/24 13:17:53] crowsnest: crowsnest - A webcam Service for multiple Cams and Stream Services.
[02/26/24 13:17:54] crowsnest: Version: v4.1.4-1-gba0ac8f
[02/26/24 13:17:54] crowsnest: Prepare Startup ...
[02/26/24 13:17:54] crowsnest: INFO: Host information:
[02/26/24 13:17:54] crowsnest: Host Info: Distribution: Debian GNU/Linux 11 (bullseye)
[02/26/24 13:17:54] crowsnest: Host Info: Release: MainsailOS release 1.3.2 (bullseye)
[02/26/24 13:17:54] crowsnest: Host Info: Kernel: Linux 6.1.21-v8+ aarch64
[02/26/24 13:17:54] crowsnest: Host Info: Model:  Raspberry Pi 3 Model B Rev 1.2
[02/26/24 13:17:54] crowsnest: Host Info: Available CPU Cores: 4
[02/26/24 13:17:54] crowsnest: Host Info: Available Memory: 880336 kB
[02/26/24 13:17:54] crowsnest: Host Info: Diskspace (avail. / total): 51G / 59G
[02/26/24 13:17:54] crowsnest: INFO: Checking Dependencies
[02/26/24 13:17:54] crowsnest: Dependency: 'crudini' found in /usr/bin/crudini.
[02/26/24 13:17:54] crowsnest: Dependency: 'find' found in /usr/bin/find.
[02/26/24 13:17:54] crowsnest: Dependency: 'xargs' found in /usr/bin/xargs.
[02/26/24 13:17:54] crowsnest: Dependency: 'ustreamer' found in bin/ustreamer/ustreamer.
[02/26/24 13:17:54] crowsnest: Dependency: 'camera-streamer' found in bin/camera-streamer/camera-streamer.
[02/26/24 13:17:54] crowsnest: Version Control: ustreamer is up to date. (v5.48)
[02/26/24 13:17:56] crowsnest: Version Control: camera-streamer is up to date. ((f1627aa))
[02/26/24 13:17:56] crowsnest: INFO: Print Configfile: '/home/twoscoopsofpig/printer_data/config/crowsnest.conf'
[02/26/24 13:17:56] crowsnest:		[crowsnest]
[02/26/24 13:17:56] crowsnest:		log_path: /home/twoscoopsofpig/printer_data/logs/crowsnest.log
[02/26/24 13:17:56] crowsnest:		log_level: verbose
[02/26/24 13:17:56] crowsnest:		delete_log: false
[02/26/24 13:17:56] crowsnest:		no_proxy: false
[02/26/24 13:17:56] crowsnest:		
[02/26/24 13:17:56] crowsnest:		[cam 1]
[02/26/24 13:17:56] crowsnest:		mode: ustreamer
[02/26/24 13:17:56] crowsnest:		
[02/26/24 13:17:56] crowsnest:		enable_rtsp: false
[02/26/24 13:17:56] crowsnest:		rtsp_port: 8554
[02/26/24 13:17:56] crowsnest:		port: 8080
[02/26/24 13:17:56] crowsnest:		device: /dev/video0
[02/26/24 13:17:56] crowsnest:		resolution: 640x480
[02/26/24 13:17:56] crowsnest:		max_fps: 15
[02/26/24 13:17:57] crowsnest: INFO: Detect available Devices
[02/26/24 13:17:57] crowsnest: INFO: Found 1 total available Device(s)
[02/26/24 13:17:57] crowsnest: INFO: Found 1 available v4l2 (UVC) camera(s)
[02/26/24 13:17:57] crowsnest: /dev/v4l/by-id/usb-SunplusIT_Inc_FHD_Camera_Microphone_01.00.00-video-index0 -> /dev/video0
[02/26/24 13:17:57] crowsnest: Supported Formats:
[02/26/24 13:17:57] crowsnest:		[0]: 'MJPG' (Motion-JPEG, compressed)
[02/26/24 13:17:57] crowsnest:		Size: Discrete 640x480
[02/26/24 13:17:57] crowsnest:		Interval: Discrete 0.033s (30.000 fps)
[02/26/24 13:17:57] crowsnest:		Size: Discrete 1600x896
[02/26/24 13:17:57] crowsnest:		Interval: Discrete 0.033s (30.000 fps)
[02/26/24 13:17:57] crowsnest:		Size: Discrete 1280x720
[02/26/24 13:17:57] crowsnest:		Interval: Discrete 0.033s (30.000 fps)
[02/26/24 13:17:57] crowsnest:		Size: Discrete 1024x576
[02/26/24 13:17:57] crowsnest:		Interval: Discrete 0.033s (30.000 fps)
[02/26/24 13:17:57] crowsnest:		Size: Discrete 800x600
[02/26/24 13:17:57] crowsnest:		Interval: Discrete 0.033s (30.000 fps)
[02/26/24 13:17:57] crowsnest:		Size: Discrete 800x480
[02/26/24 13:17:57] crowsnest:		Interval: Discrete 0.033s (30.000 fps)
[02/26/24 13:17:57] crowsnest:		Size: Discrete 640x360
[02/26/24 13:17:57] crowsnest:		Interval: Discrete 0.033s (30.000 fps)
[02/26/24 13:17:57] crowsnest:		Size: Discrete 424x240
[02/26/24 13:17:57] crowsnest:		Interval: Discrete 0.033s (30.000 fps)
[02/26/24 13:17:57] crowsnest:		Size: Discrete 352x288
[02/26/24 13:17:57] crowsnest:		Interval: Discrete 0.033s (30.000 fps)
[02/26/24 13:17:57] crowsnest:		Size: Discrete 1920x1080
[02/26/24 13:17:57] crowsnest:		Interval: Discrete 0.033s (30.000 fps)
[02/26/24 13:17:57] crowsnest:		[1]: 'YUYV' (YUYV 4:2:2)
[02/26/24 13:17:57] crowsnest:		Size: Discrete 640x480
[02/26/24 13:17:57] crowsnest:		Interval: Discrete 0.033s (30.000 fps)
[02/26/24 13:17:57] crowsnest:		Size: Discrete 1600x896
[02/26/24 13:17:57] crowsnest:		Interval: Discrete 0.133s (7.500 fps)
[02/26/24 13:17:57] crowsnest:		Size: Discrete 1280x720
[02/26/24 13:17:57] crowsnest:		Interval: Discrete 0.100s (10.000 fps)
[02/26/24 13:17:57] crowsnest:		Size: Discrete 1024x576
[02/26/24 13:17:57] crowsnest:		Interval: Discrete 0.100s (10.000 fps)
[02/26/24 13:17:57] crowsnest:		Size: Discrete 800x600
[02/26/24 13:17:57] crowsnest:		Interval: Discrete 0.067s (15.000 fps)
[02/26/24 13:17:57] crowsnest:		Size: Discrete 800x480
[02/26/24 13:17:57] crowsnest:		Interval: Discrete 0.040s (25.000 fps)
[02/26/24 13:17:57] crowsnest:		Size: Discrete 640x360
[02/26/24 13:17:57] crowsnest:		Interval: Discrete 0.033s (30.000 fps)
[02/26/24 13:17:57] crowsnest:		Size: Discrete 424x240
[02/26/24 13:17:57] crowsnest:		Interval: Discrete 0.033s (30.000 fps)
[02/26/24 13:17:57] crowsnest:		Size: Discrete 352x288
[02/26/24 13:17:57] crowsnest:		Interval: Discrete 0.033s (30.000 fps)
[02/26/24 13:17:57] crowsnest:		Size: Discrete 1920x1080
[02/26/24 13:17:57] crowsnest:		Interval: Discrete 0.200s (5.000 fps)
[02/26/24 13:17:57] crowsnest: Supported Controls:
[02/26/24 13:17:57] crowsnest:		
[02/26/24 13:17:57] crowsnest:		User Controls
[02/26/24 13:17:57] crowsnest:		
[02/26/24 13:17:57] crowsnest:		brightness 0x00980900 (int)    : min=-64 max=64 step=1 default=0 value=0
[02/26/24 13:17:57] crowsnest:		contrast 0x00980901 (int)    : min=0 max=95 step=1 default=1 value=1
[02/26/24 13:17:57] crowsnest:		saturation 0x00980902 (int)    : min=0 max=100 step=1 default=64 value=64
[02/26/24 13:17:57] crowsnest:		hue 0x00980903 (int)    : min=-2000 max=2000 step=1 default=0 value=0
[02/26/24 13:17:57] crowsnest:		white_balance_automatic 0x0098090c (bool)   : default=1 value=1
[02/26/24 13:17:57] crowsnest:		gamma 0x00980910 (int)    : min=100 max=300 step=1 default=100 value=100
[02/26/24 13:17:57] crowsnest:		power_line_frequency 0x00980918 (menu)   : min=0 max=2 default=1 value=1
[02/26/24 13:17:57] crowsnest:		0: Disabled
[02/26/24 13:17:57] crowsnest:		1: 50 Hz
[02/26/24 13:17:57] crowsnest:		2: 60 Hz
[02/26/24 13:17:57] crowsnest:		white_balance_temperature 0x0098091a (int)    : min=2800 max=6500 step=1 default=4600 value=4600 flags=inactive
[02/26/24 13:17:57] crowsnest:		sharpness 0x0098091b (int)    : min=1 max=7 step=1 default=2 value=2
[02/26/24 13:17:57] crowsnest:		backlight_compensation 0x0098091c (int)    : min=0 max=1 step=1 default=1 value=1
[02/26/24 13:17:57] crowsnest:		
[02/26/24 13:17:57] crowsnest:		Camera Controls
[02/26/24 13:17:57] crowsnest:		
[02/26/24 13:17:57] crowsnest:		auto_exposure 0x009a0901 (menu)   : min=0 max=3 default=3 value=3
[02/26/24 13:17:57] crowsnest:		1: Manual Mode
[02/26/24 13:17:57] crowsnest:		3: Aperture Priority Mode
[02/26/24 13:17:57] crowsnest:		exposure_time_absolute 0x009a0902 (int)    : min=3 max=2047 step=1 default=166 value=166 flags=inactive
[02/26/24 13:17:57] crowsnest:		focus_absolute 0x009a090a (int)    : min=0 max=1023 step=1 default=0 value=150 flags=inactive
[02/26/24 13:17:57] crowsnest:		focus_automatic_continuous 0x009a090c (bool)   : default=0 value=1
[02/26/24 13:17:57] crowsnest: Try to start configured Cams / Services...
[02/26/24 13:18:01] crowsnest: INFO: Configuration of Section [cam 1] looks good. Continue ...
[02/26/24 13:18:02] crowsnest: V4L2 Control: No parameters set for [cam 1]. Skipped.
[02/26/24 13:18:05] crowsnest: Starting ustreamer with Device /dev/video0 ...
[02/26/24 13:18:07] crowsnest:  ... Done!
[02/26/24 13:28:02] crowsnest: crowsnest - A webcam Service for multiple Cams and Stream Services.
[02/26/24 13:28:03] crowsnest: Version: v4.1.4-1-gba0ac8f
[02/26/24 13:28:03] crowsnest: Prepare Startup ...
[02/26/24 13:28:03] crowsnest: INFO: Host information:
[02/26/24 13:28:03] crowsnest: Host Info: Distribution: Debian GNU/Linux 11 (bullseye)
[02/26/24 13:28:03] crowsnest: Host Info: Release: MainsailOS release 1.3.2 (bullseye)
[02/26/24 13:28:03] crowsnest: Host Info: Kernel: Linux 6.1.21-v8+ aarch64
[02/26/24 13:28:03] crowsnest: Host Info: Model:  Raspberry Pi 3 Model B Rev 1.2
[02/26/24 13:28:03] crowsnest: Host Info: Available CPU Cores: 4
[02/26/24 13:28:03] crowsnest: Host Info: Available Memory: 880336 kB
[02/26/24 13:28:03] crowsnest: Host Info: Diskspace (avail. / total): 51G / 59G
[02/26/24 13:28:03] crowsnest: INFO: Checking Dependencies
[02/26/24 13:28:03] crowsnest: Dependency: 'crudini' found in /usr/bin/crudini.
[02/26/24 13:28:03] crowsnest: Dependency: 'find' found in /usr/bin/find.
[02/26/24 13:28:03] crowsnest: Dependency: 'xargs' found in /usr/bin/xargs.
[02/26/24 13:28:03] crowsnest: Dependency: 'ustreamer' found in bin/ustreamer/ustreamer.
[02/26/24 13:28:03] crowsnest: Dependency: 'camera-streamer' found in bin/camera-streamer/camera-streamer.
[02/26/24 13:28:04] crowsnest: Version Control: ustreamer is up to date. (v5.48)
[02/26/24 13:28:06] crowsnest: Version Control: camera-streamer is up to date. ((f1627aa))
[02/26/24 13:28:06] crowsnest: INFO: Print Configfile: '/home/twoscoopsofpig/printer_data/config/crowsnest.conf'
[02/26/24 13:28:06] crowsnest:		[crowsnest]
[02/26/24 13:28:06] crowsnest:		log_path: /home/twoscoopsofpig/printer_data/logs/crowsnest.log
[02/26/24 13:28:06] crowsnest:		log_level: verbose
[02/26/24 13:28:06] crowsnest:		delete_log: false
[02/26/24 13:28:06] crowsnest:		no_proxy: false
[02/26/24 13:28:06] crowsnest:		
[02/26/24 13:28:06] crowsnest:		[cam 1]
[02/26/24 13:28:06] crowsnest:		mode: ustreamer
[02/26/24 13:28:06] crowsnest:		
[02/26/24 13:28:06] crowsnest:		enable_rtsp: false
[02/26/24 13:28:06] crowsnest:		rtsp_port: 8554
[02/26/24 13:28:06] crowsnest:		port: 8080
[02/26/24 13:28:06] crowsnest:		device: /dev/video0
[02/26/24 13:28:06] crowsnest:		resolution: 640x480
[02/26/24 13:28:06] crowsnest:		max_fps: 15
[02/26/24 13:28:06] crowsnest: INFO: Detect available Devices
[02/26/24 13:28:06] crowsnest: INFO: Found 1 total available Device(s)
[02/26/24 13:28:06] crowsnest: INFO: Found 1 available v4l2 (UVC) camera(s)
[02/26/24 13:28:06] crowsnest: /dev/v4l/by-id/usb-SunplusIT_Inc_FHD_Camera_Microphone_01.00.00-video-index0 -> /dev/video0
[02/26/24 13:28:06] crowsnest: Supported Formats:
[02/26/24 13:28:06] crowsnest:		[0]: 'MJPG' (Motion-JPEG, compressed)
[02/26/24 13:28:06] crowsnest:		Size: Discrete 640x480
[02/26/24 13:28:06] crowsnest:		Interval: Discrete 0.033s (30.000 fps)
[02/26/24 13:28:06] crowsnest:		Size: Discrete 1600x896
[02/26/24 13:28:06] crowsnest:		Interval: Discrete 0.033s (30.000 fps)
[02/26/24 13:28:06] crowsnest:		Size: Discrete 1280x720
[02/26/24 13:28:06] crowsnest:		Interval: Discrete 0.033s (30.000 fps)
[02/26/24 13:28:06] crowsnest:		Size: Discrete 1024x576
[02/26/24 13:28:06] crowsnest:		Interval: Discrete 0.033s (30.000 fps)
[02/26/24 13:28:06] crowsnest:		Size: Discrete 800x600
[02/26/24 13:28:06] crowsnest:		Interval: Discrete 0.033s (30.000 fps)
[02/26/24 13:28:06] crowsnest:		Size: Discrete 800x480
[02/26/24 13:28:06] crowsnest:		Interval: Discrete 0.033s (30.000 fps)
[02/26/24 13:28:06] crowsnest:		Size: Discrete 640x360
[02/26/24 13:28:06] crowsnest:		Interval: Discrete 0.033s (30.000 fps)
[02/26/24 13:28:06] crowsnest:		Size: Discrete 424x240
[02/26/24 13:28:06] crowsnest:		Interval: Discrete 0.033s (30.000 fps)
[02/26/24 13:28:06] crowsnest:		Size: Discrete 352x288
[02/26/24 13:28:06] crowsnest:		Interval: Discrete 0.033s (30.000 fps)
[02/26/24 13:28:06] crowsnest:		Size: Discrete 1920x1080
[02/26/24 13:28:06] crowsnest:		Interval: Discrete 0.033s (30.000 fps)
[02/26/24 13:28:06] crowsnest:		[1]: 'YUYV' (YUYV 4:2:2)
[02/26/24 13:28:06] crowsnest:		Size: Discrete 640x480
[02/26/24 13:28:06] crowsnest:		Interval: Discrete 0.033s (30.000 fps)
[02/26/24 13:28:06] crowsnest:		Size: Discrete 1600x896
[02/26/24 13:28:06] crowsnest:		Interval: Discrete 0.133s (7.500 fps)
[02/26/24 13:28:06] crowsnest:		Size: Discrete 1280x720
[02/26/24 13:28:06] crowsnest:		Interval: Discrete 0.100s (10.000 fps)
[02/26/24 13:28:06] crowsnest:		Size: Discrete 1024x576
[02/26/24 13:28:06] crowsnest:		Interval: Discrete 0.100s (10.000 fps)
[02/26/24 13:28:06] crowsnest:		Size: Discrete 800x600
[02/26/24 13:28:06] crowsnest:		Interval: Discrete 0.067s (15.000 fps)
[02/26/24 13:28:06] crowsnest:		Size: Discrete 800x480
[02/26/24 13:28:06] crowsnest:		Interval: Discrete 0.040s (25.000 fps)
[02/26/24 13:28:06] crowsnest:		Size: Discrete 640x360
[02/26/24 13:28:06] crowsnest:		Interval: Discrete 0.033s (30.000 fps)
[02/26/24 13:28:06] crowsnest:		Size: Discrete 424x240
[02/26/24 13:28:06] crowsnest:		Interval: Discrete 0.033s (30.000 fps)
[02/26/24 13:28:06] crowsnest:		Size: Discrete 352x288
[02/26/24 13:28:06] crowsnest:		Interval: Discrete 0.033s (30.000 fps)
[02/26/24 13:28:06] crowsnest:		Size: Discrete 1920x1080
[02/26/24 13:28:06] crowsnest:		Interval: Discrete 0.200s (5.000 fps)
[02/26/24 13:28:06] crowsnest: Supported Controls:
[02/26/24 13:28:06] crowsnest:		
[02/26/24 13:28:06] crowsnest:		User Controls
[02/26/24 13:28:06] crowsnest:		
[02/26/24 13:28:06] crowsnest:		brightness 0x00980900 (int)    : min=-64 max=64 step=1 default=0 value=0
[02/26/24 13:28:06] crowsnest:		contrast 0x00980901 (int)    : min=0 max=95 step=1 default=1 value=1
[02/26/24 13:28:06] crowsnest:		saturation 0x00980902 (int)    : min=0 max=100 step=1 default=64 value=64
[02/26/24 13:28:06] crowsnest:		hue 0x00980903 (int)    : min=-2000 max=2000 step=1 default=0 value=0
[02/26/24 13:28:06] crowsnest:		white_balance_automatic 0x0098090c (bool)   : default=1 value=1
[02/26/24 13:28:06] crowsnest:		gamma 0x00980910 (int)    : min=100 max=300 step=1 default=100 value=100
[02/26/24 13:28:06] crowsnest:		power_line_frequency 0x00980918 (menu)   : min=0 max=2 default=1 value=1
[02/26/24 13:28:06] crowsnest:		0: Disabled
[02/26/24 13:28:06] crowsnest:		1: 50 Hz
[02/26/24 13:28:06] crowsnest:		2: 60 Hz
[02/26/24 13:28:06] crowsnest:		white_balance_temperature 0x0098091a (int)    : min=2800 max=6500 step=1 default=4600 value=4600 flags=inactive
[02/26/24 13:28:06] crowsnest:		sharpness 0x0098091b (int)    : min=1 max=7 step=1 default=2 value=2
[02/26/24 13:28:06] crowsnest:		backlight_compensation 0x0098091c (int)    : min=0 max=1 step=1 default=1 value=1
[02/26/24 13:28:06] crowsnest:		
[02/26/24 13:28:06] crowsnest:		Camera Controls
[02/26/24 13:28:06] crowsnest:		
[02/26/24 13:28:06] crowsnest:		auto_exposure 0x009a0901 (menu)   : min=0 max=3 default=3 value=3
[02/26/24 13:28:06] crowsnest:		1: Manual Mode
[02/26/24 13:28:06] crowsnest:		3: Aperture Priority Mode
[02/26/24 13:28:06] crowsnest:		exposure_time_absolute 0x009a0902 (int)    : min=3 max=2047 step=1 default=166 value=166 flags=inactive
[02/26/24 13:28:06] crowsnest:		focus_absolute 0x009a090a (int)    : min=0 max=1023 step=1 default=0 value=150 flags=inactive
[02/26/24 13:28:06] crowsnest:		focus_automatic_continuous 0x009a090c (bool)   : default=0 value=1
[02/26/24 13:28:07] crowsnest: Try to start configured Cams / Services...
[02/26/24 13:28:10] crowsnest: INFO: Configuration of Section [cam 1] looks good. Continue ...
[02/26/24 13:28:11] crowsnest: V4L2 Control: No parameters set for [cam 1]. Skipped.
[02/26/24 13:28:14] crowsnest: Starting ustreamer with Device /dev/video0 ...
[02/26/24 13:28:16] crowsnest:  ... Done!
[02/26/24 13:34:46] crowsnest: Shutdown or Killed by User!
[02/26/24 13:34:46] crowsnest: Please come again :)
[02/26/24 13:34:46] crowsnest: Goodbye...
[02/26/24 13:35:02] crowsnest: crowsnest - A webcam Service for multiple Cams and Stream Services.
[02/26/24 13:35:03] crowsnest: Version: v4.1.4-1-gba0ac8f
[02/26/24 13:35:03] crowsnest: Prepare Startup ...
[02/26/24 13:35:03] crowsnest: INFO: Host information:
[02/26/24 13:35:03] crowsnest: Host Info: Distribution: Debian GNU/Linux 11 (bullseye)
[02/26/24 13:35:03] crowsnest: Host Info: Release: MainsailOS release 1.3.2 (bullseye)
[02/26/24 13:35:03] crowsnest: Host Info: Kernel: Linux 6.1.21-v8+ aarch64
[02/26/24 13:35:03] crowsnest: Host Info: Model:  Raspberry Pi 3 Model B Rev 1.2
[02/26/24 13:35:03] crowsnest: Host Info: Available CPU Cores: 4
[02/26/24 13:35:03] crowsnest: Host Info: Available Memory: 880336 kB
[02/26/24 13:35:03] crowsnest: Host Info: Diskspace (avail. / total): 51G / 59G
[02/26/24 13:35:03] crowsnest: INFO: Checking Dependencies
[02/26/24 13:35:03] crowsnest: Dependency: 'crudini' found in /usr/bin/crudini.
[02/26/24 13:35:03] crowsnest: Dependency: 'find' found in /usr/bin/find.
[02/26/24 13:35:03] crowsnest: Dependency: 'xargs' found in /usr/bin/xargs.
[02/26/24 13:35:03] crowsnest: Dependency: 'ustreamer' found in bin/ustreamer/ustreamer.
[02/26/24 13:35:03] crowsnest: Dependency: 'camera-streamer' found in bin/camera-streamer/camera-streamer.
[02/26/24 13:35:04] crowsnest: Version Control: ustreamer is up to date. (v5.48)
[02/26/24 13:35:06] crowsnest: Version Control: camera-streamer is up to date. ((f1627aa))
[02/26/24 13:35:06] crowsnest: INFO: Print Configfile: '/home/twoscoopsofpig/printer_data/config/crowsnest.conf'
[02/26/24 13:35:06] crowsnest:		[crowsnest]
[02/26/24 13:35:06] crowsnest:		log_path: /home/twoscoopsofpig/printer_data/logs/crowsnest.log
[02/26/24 13:35:06] crowsnest:		log_level: verbose
[02/26/24 13:35:06] crowsnest:		delete_log: false
[02/26/24 13:35:06] crowsnest:		no_proxy: false
[02/26/24 13:35:06] crowsnest:		
[02/26/24 13:35:06] crowsnest:		[cam 1]
[02/26/24 13:35:06] crowsnest:		mode: ustreamer
[02/26/24 13:35:06] crowsnest:		
[02/26/24 13:35:06] crowsnest:		enable_rtsp: false
[02/26/24 13:35:06] crowsnest:		rtsp_port: 8554
[02/26/24 13:35:06] crowsnest:		port: 8080
[02/26/24 13:35:06] crowsnest:		device: /dev/video0
[02/26/24 13:35:06] crowsnest:		resolution: 640x480
[02/26/24 13:35:06] crowsnest:		max_fps: 15
[02/26/24 13:35:06] crowsnest: INFO: Detect available Devices
[02/26/24 13:35:06] crowsnest: INFO: Found 1 total available Device(s)
[02/26/24 13:35:06] crowsnest: INFO: Found 1 available v4l2 (UVC) camera(s)
[02/26/24 13:35:06] crowsnest: /dev/v4l/by-id/usb-SunplusIT_Inc_FHD_Camera_Microphone_01.00.00-video-index0 -> /dev/video0
[02/26/24 13:35:06] crowsnest: Supported Formats:
[02/26/24 13:35:06] crowsnest:		[0]: 'MJPG' (Motion-JPEG, compressed)
[02/26/24 13:35:06] crowsnest:		Size: Discrete 640x480
[02/26/24 13:35:06] crowsnest:		Interval: Discrete 0.033s (30.000 fps)
[02/26/24 13:35:06] crowsnest:		Size: Discrete 1600x896
[02/26/24 13:35:06] crowsnest:		Interval: Discrete 0.033s (30.000 fps)
[02/26/24 13:35:06] crowsnest:		Size: Discrete 1280x720
[02/26/24 13:35:06] crowsnest:		Interval: Discrete 0.033s (30.000 fps)
[02/26/24 13:35:06] crowsnest:		Size: Discrete 1024x576
[02/26/24 13:35:06] crowsnest:		Interval: Discrete 0.033s (30.000 fps)
[02/26/24 13:35:06] crowsnest:		Size: Discrete 800x600
[02/26/24 13:35:06] crowsnest:		Interval: Discrete 0.033s (30.000 fps)
[02/26/24 13:35:06] crowsnest:		Size: Discrete 800x480
[02/26/24 13:35:06] crowsnest:		Interval: Discrete 0.033s (30.000 fps)
[02/26/24 13:35:06] crowsnest:		Size: Discrete 640x360
[02/26/24 13:35:06] crowsnest:		Interval: Discrete 0.033s (30.000 fps)
[02/26/24 13:35:06] crowsnest:		Size: Discrete 424x240
[02/26/24 13:35:06] crowsnest:		Interval: Discrete 0.033s (30.000 fps)
[02/26/24 13:35:06] crowsnest:		Size: Discrete 352x288
[02/26/24 13:35:06] crowsnest:		Interval: Discrete 0.033s (30.000 fps)
[02/26/24 13:35:06] crowsnest:		Size: Discrete 1920x1080
[02/26/24 13:35:06] crowsnest:		Interval: Discrete 0.033s (30.000 fps)
[02/26/24 13:35:06] crowsnest:		[1]: 'YUYV' (YUYV 4:2:2)
[02/26/24 13:35:06] crowsnest:		Size: Discrete 640x480
[02/26/24 13:35:06] crowsnest:		Interval: Discrete 0.033s (30.000 fps)
[02/26/24 13:35:06] crowsnest:		Size: Discrete 1600x896
[02/26/24 13:35:06] crowsnest:		Interval: Discrete 0.133s (7.500 fps)
[02/26/24 13:35:06] crowsnest:		Size: Discrete 1280x720
[02/26/24 13:35:06] crowsnest:		Interval: Discrete 0.100s (10.000 fps)
[02/26/24 13:35:06] crowsnest:		Size: Discrete 1024x576
[02/26/24 13:35:06] crowsnest:		Interval: Discrete 0.100s (10.000 fps)
[02/26/24 13:35:06] crowsnest:		Size: Discrete 800x600
[02/26/24 13:35:06] crowsnest:		Interval: Discrete 0.067s (15.000 fps)
[02/26/24 13:35:06] crowsnest:		Size: Discrete 800x480
[02/26/24 13:35:06] crowsnest:		Interval: Discrete 0.040s (25.000 fps)
[02/26/24 13:35:06] crowsnest:		Size: Discrete 640x360
[02/26/24 13:35:06] crowsnest:		Interval: Discrete 0.033s (30.000 fps)
[02/26/24 13:35:06] crowsnest:		Size: Discrete 424x240
[02/26/24 13:35:06] crowsnest:		Interval: Discrete 0.033s (30.000 fps)
[02/26/24 13:35:06] crowsnest:		Size: Discrete 352x288
[02/26/24 13:35:06] crowsnest:		Interval: Discrete 0.033s (30.000 fps)
[02/26/24 13:35:06] crowsnest:		Size: Discrete 1920x1080
[02/26/24 13:35:06] crowsnest:		Interval: Discrete 0.200s (5.000 fps)
[02/26/24 13:35:06] crowsnest: Supported Controls:
[02/26/24 13:35:06] crowsnest:		
[02/26/24 13:35:06] crowsnest:		User Controls
[02/26/24 13:35:06] crowsnest:		
[02/26/24 13:35:06] crowsnest:		brightness 0x00980900 (int)    : min=-64 max=64 step=1 default=0 value=0
[02/26/24 13:35:06] crowsnest:		contrast 0x00980901 (int)    : min=0 max=95 step=1 default=1 value=1
[02/26/24 13:35:06] crowsnest:		saturation 0x00980902 (int)    : min=0 max=100 step=1 default=64 value=64
[02/26/24 13:35:06] crowsnest:		hue 0x00980903 (int)    : min=-2000 max=2000 step=1 default=0 value=0
[02/26/24 13:35:06] crowsnest:		white_balance_automatic 0x0098090c (bool)   : default=1 value=1
[02/26/24 13:35:06] crowsnest:		gamma 0x00980910 (int)    : min=100 max=300 step=1 default=100 value=100
[02/26/24 13:35:06] crowsnest:		power_line_frequency 0x00980918 (menu)   : min=0 max=2 default=1 value=1
[02/26/24 13:35:06] crowsnest:		0: Disabled
[02/26/24 13:35:06] crowsnest:		1: 50 Hz
[02/26/24 13:35:06] crowsnest:		2: 60 Hz
[02/26/24 13:35:06] crowsnest:		white_balance_temperature 0x0098091a (int)    : min=2800 max=6500 step=1 default=4600 value=4600 flags=inactive
[02/26/24 13:35:06] crowsnest:		sharpness 0x0098091b (int)    : min=1 max=7 step=1 default=2 value=2
[02/26/24 13:35:06] crowsnest:		backlight_compensation 0x0098091c (int)    : min=0 max=1 step=1 default=1 value=1
[02/26/24 13:35:06] crowsnest:		
[02/26/24 13:35:06] crowsnest:		Camera Controls
[02/26/24 13:35:06] crowsnest:		
[02/26/24 13:35:06] crowsnest:		auto_exposure 0x009a0901 (menu)   : min=0 max=3 default=3 value=3
[02/26/24 13:35:06] crowsnest:		1: Manual Mode
[02/26/24 13:35:06] crowsnest:		3: Aperture Priority Mode
[02/26/24 13:35:06] crowsnest:		exposure_time_absolute 0x009a0902 (int)    : min=3 max=2047 step=1 default=166 value=166 flags=inactive
[02/26/24 13:35:06] crowsnest:		focus_absolute 0x009a090a (int)    : min=0 max=1023 step=1 default=0 value=150 flags=inactive
[02/26/24 13:35:06] crowsnest:		focus_automatic_continuous 0x009a090c (bool)   : default=0 value=1
[02/26/24 13:35:06] crowsnest: Try to start configured Cams / Services...
[02/26/24 13:35:10] crowsnest: INFO: Configuration of Section [cam 1] looks good. Continue ...
[02/26/24 13:35:11] crowsnest: V4L2 Control: No parameters set for [cam 1]. Skipped.
[02/26/24 13:35:14] crowsnest: Starting ustreamer with Device /dev/video0 ...
[02/26/24 13:35:16] crowsnest:  ... Done!
[02/26/24 13:43:14] crowsnest: Shutdown or Killed by User!
[02/26/24 13:43:14] crowsnest: Please come again :)
[02/26/24 13:43:36] crowsnest: crowsnest - A webcam Service for multiple Cams and Stream Services.
[02/26/24 13:43:36] crowsnest: Version: v4.1.4-1-gba0ac8f
[02/26/24 13:43:36] crowsnest: Prepare Startup ...
[02/26/24 13:43:36] crowsnest: INFO: Host information:
[02/26/24 13:43:36] crowsnest: Host Info: Distribution: Debian GNU/Linux 11 (bullseye)
[02/26/24 13:43:36] crowsnest: Host Info: Release: MainsailOS release 1.3.2 (bullseye)
[02/26/24 13:43:37] crowsnest: Host Info: Kernel: Linux 6.1.21-v8+ aarch64
[02/26/24 13:43:37] crowsnest: Host Info: Model:  Raspberry Pi 3 Model B Rev 1.2
[02/26/24 13:43:37] crowsnest: Host Info: Available CPU Cores: 4
[02/26/24 13:43:37] crowsnest: Host Info: Available Memory: 880336 kB
[02/26/24 13:43:37] crowsnest: Host Info: Diskspace (avail. / total): 51G / 59G
[02/26/24 13:43:37] crowsnest: INFO: Checking Dependencies
[02/26/24 13:43:37] crowsnest: Dependency: 'crudini' found in /usr/bin/crudini.
[02/26/24 13:43:37] crowsnest: Dependency: 'find' found in /usr/bin/find.
[02/26/24 13:43:37] crowsnest: Dependency: 'xargs' found in /usr/bin/xargs.
[02/26/24 13:43:37] crowsnest: Dependency: 'ustreamer' found in bin/ustreamer/ustreamer.
[02/26/24 13:43:38] crowsnest: Dependency: 'camera-streamer' found in bin/camera-streamer/camera-streamer.
[02/26/24 13:43:38] crowsnest: Version Control: ustreamer is up to date. (v5.48)
[02/26/24 13:43:39] crowsnest: Version Control: camera-streamer is up to date. ((f1627aa))
[02/26/24 13:43:39] crowsnest: INFO: Print Configfile: '/home/twoscoopsofpig/printer_data/config/crowsnest.conf'
[02/26/24 13:43:39] crowsnest:		[crowsnest]
[02/26/24 13:43:39] crowsnest:		log_path: /home/twoscoopsofpig/printer_data/logs/crowsnest.log
[02/26/24 13:43:39] crowsnest:		log_level: verbose
[02/26/24 13:43:39] crowsnest:		delete_log: false
[02/26/24 13:43:39] crowsnest:		no_proxy: false
[02/26/24 13:43:39] crowsnest:		
[02/26/24 13:43:39] crowsnest:		[cam 1]
[02/26/24 13:43:39] crowsnest:		mode: ustreamer
[02/26/24 13:43:39] crowsnest:		
[02/26/24 13:43:39] crowsnest:		enable_rtsp: false
[02/26/24 13:43:39] crowsnest:		rtsp_port: 8554
[02/26/24 13:43:39] crowsnest:		port: 8080
[02/26/24 13:43:39] crowsnest:		device: /dev/video0
[02/26/24 13:43:39] crowsnest:		resolution: 640x480
[02/26/24 13:43:39] crowsnest:		max_fps: 15
[02/26/24 13:43:39] crowsnest: INFO: Detect available Devices
[02/26/24 13:43:40] crowsnest: INFO: Found 1 total available Device(s)
[02/26/24 13:43:40] crowsnest: INFO: Found 1 available v4l2 (UVC) camera(s)
[02/26/24 13:43:40] crowsnest: /dev/v4l/by-id/usb-SunplusIT_Inc_FHD_Camera_Microphone_01.00.00-video-index0 -> /dev/video0
[02/26/24 13:43:40] crowsnest: Supported Formats:
[02/26/24 13:43:40] crowsnest:		[0]: 'MJPG' (Motion-JPEG, compressed)
[02/26/24 13:43:40] crowsnest:		Size: Discrete 640x480
[02/26/24 13:43:40] crowsnest:		Interval: Discrete 0.033s (30.000 fps)
[02/26/24 13:43:40] crowsnest:		Size: Discrete 1600x896
[02/26/24 13:43:40] crowsnest:		Interval: Discrete 0.033s (30.000 fps)
[02/26/24 13:43:40] crowsnest:		Size: Discrete 1280x720
[02/26/24 13:43:40] crowsnest:		Interval: Discrete 0.033s (30.000 fps)
[02/26/24 13:43:40] crowsnest:		Size: Discrete 1024x576
[02/26/24 13:43:40] crowsnest:		Interval: Discrete 0.033s (30.000 fps)
[02/26/24 13:43:40] crowsnest:		Size: Discrete 800x600
[02/26/24 13:43:40] crowsnest:		Interval: Discrete 0.033s (30.000 fps)
[02/26/24 13:43:40] crowsnest:		Size: Discrete 800x480
[02/26/24 13:43:40] crowsnest:		Interval: Discrete 0.033s (30.000 fps)
[02/26/24 13:43:40] crowsnest:		Size: Discrete 640x360
[02/26/24 13:43:40] crowsnest:		Interval: Discrete 0.033s (30.000 fps)
[02/26/24 13:43:40] crowsnest:		Size: Discrete 424x240
[02/26/24 13:43:40] crowsnest:		Interval: Discrete 0.033s (30.000 fps)
[02/26/24 13:43:40] crowsnest:		Size: Discrete 352x288
[02/26/24 13:43:40] crowsnest:		Interval: Discrete 0.033s (30.000 fps)
[02/26/24 13:43:40] crowsnest:		Size: Discrete 1920x1080
[02/26/24 13:43:40] crowsnest:		Interval: Discrete 0.033s (30.000 fps)
[02/26/24 13:43:40] crowsnest:		[1]: 'YUYV' (YUYV 4:2:2)
[02/26/24 13:43:40] crowsnest:		Size: Discrete 640x480
[02/26/24 13:43:40] crowsnest:		Interval: Discrete 0.033s (30.000 fps)
[02/26/24 13:43:40] crowsnest:		Size: Discrete 1600x896
[02/26/24 13:43:40] crowsnest:		Interval: Discrete 0.133s (7.500 fps)
[02/26/24 13:43:40] crowsnest:		Size: Discrete 1280x720
[02/26/24 13:43:40] crowsnest:		Interval: Discrete 0.100s (10.000 fps)
[02/26/24 13:43:40] crowsnest:		Size: Discrete 1024x576
[02/26/24 13:43:40] crowsnest:		Interval: Discrete 0.100s (10.000 fps)
[02/26/24 13:43:40] crowsnest:		Size: Discrete 800x600
[02/26/24 13:43:40] crowsnest:		Interval: Discrete 0.067s (15.000 fps)
[02/26/24 13:43:40] crowsnest:		Size: Discrete 800x480
[02/26/24 13:43:40] crowsnest:		Interval: Discrete 0.040s (25.000 fps)
[02/26/24 13:43:40] crowsnest:		Size: Discrete 640x360
[02/26/24 13:43:40] crowsnest:		Interval: Discrete 0.033s (30.000 fps)
[02/26/24 13:43:40] crowsnest:		Size: Discrete 424x240
[02/26/24 13:43:40] crowsnest:		Interval: Discrete 0.033s (30.000 fps)
[02/26/24 13:43:40] crowsnest:		Size: Discrete 352x288
[02/26/24 13:43:40] crowsnest:		Interval: Discrete 0.033s (30.000 fps)
[02/26/24 13:43:40] crowsnest:		Size: Discrete 1920x1080
[02/26/24 13:43:40] crowsnest:		Interval: Discrete 0.200s (5.000 fps)
[02/26/24 13:43:41] crowsnest: Supported Controls:
[02/26/24 13:43:41] crowsnest:		
[02/26/24 13:43:41] crowsnest:		User Controls
[02/26/24 13:43:41] crowsnest:		
[02/26/24 13:43:41] crowsnest:		brightness 0x00980900 (int)    : min=-64 max=64 step=1 default=0 value=0
[02/26/24 13:43:41] crowsnest:		contrast 0x00980901 (int)    : min=0 max=95 step=1 default=1 value=1
[02/26/24 13:43:41] crowsnest:		saturation 0x00980902 (int)    : min=0 max=100 step=1 default=64 value=64
[02/26/24 13:43:41] crowsnest:		hue 0x00980903 (int)    : min=-2000 max=2000 step=1 default=0 value=0
[02/26/24 13:43:41] crowsnest:		white_balance_automatic 0x0098090c (bool)   : default=1 value=1
[02/26/24 13:43:41] crowsnest:		gamma 0x00980910 (int)    : min=100 max=300 step=1 default=100 value=100
[02/26/24 13:43:41] crowsnest:		power_line_frequency 0x00980918 (menu)   : min=0 max=2 default=1 value=1
[02/26/24 13:43:41] crowsnest:		0: Disabled
[02/26/24 13:43:41] crowsnest:		1: 50 Hz
[02/26/24 13:43:41] crowsnest:		2: 60 Hz
[02/26/24 13:43:41] crowsnest:		white_balance_temperature 0x0098091a (int)    : min=2800 max=6500 step=1 default=4600 value=4600 flags=inactive
[02/26/24 13:43:41] crowsnest:		sharpness 0x0098091b (int)    : min=1 max=7 step=1 default=2 value=2
[02/26/24 13:43:41] crowsnest:		backlight_compensation 0x0098091c (int)    : min=0 max=1 step=1 default=1 value=1
[02/26/24 13:43:41] crowsnest:		
[02/26/24 13:43:41] crowsnest:		Camera Controls
[02/26/24 13:43:41] crowsnest:		
[02/26/24 13:43:41] crowsnest:		auto_exposure 0x009a0901 (menu)   : min=0 max=3 default=3 value=3
[02/26/24 13:43:41] crowsnest:		1: Manual Mode
[02/26/24 13:43:41] crowsnest:		3: Aperture Priority Mode
[02/26/24 13:43:41] crowsnest:		exposure_time_absolute 0x009a0902 (int)    : min=3 max=2047 step=1 default=166 value=166 flags=inactive
[02/26/24 13:43:41] crowsnest:		focus_absolute 0x009a090a (int)    : min=0 max=1023 step=1 default=0 value=150 flags=inactive
[02/26/24 13:43:41] crowsnest:		focus_automatic_continuous 0x009a090c (bool)   : default=0 value=1
[02/26/24 13:43:41] crowsnest: Try to start configured Cams / Services...
[02/26/24 13:43:48] crowsnest: INFO: Configuration of Section [cam 1] looks good. Continue ...
[02/26/24 13:43:50] crowsnest: V4L2 Control: No parameters set for [cam 1]. Skipped.
[02/26/24 13:44:10] crowsnest: Starting ustreamer with Device /dev/video0 ...
[02/26/24 13:44:12] crowsnest:  ... Done!
