[06/18/23 09:57:35] crowsnest: crowsnest - A webcam Service for multiple Cams and Stream Services.
[06/18/23 09:57:35] crowsnest: Version: v4.1.3-1-gc0c9c41
[06/18/23 09:57:35] crowsnest: Prepare Startup ...
[06/18/23 09:57:35] crowsnest: INFO: Host information:
[06/18/23 09:57:35] crowsnest: Host Info: Distribution: Debian GNU/Linux 11 (bullseye)
[06/18/23 09:57:35] crowsnest: Host Info: Release: MainsailOS release 1.3.2 (bullseye)
[06/18/23 09:57:35] crowsnest: Host Info: Kernel: Linux 6.1.21-v8+ aarch64
[06/18/23 09:57:35] crowsnest: Host Info: Model:  Raspberry Pi 3 Model B Rev 1.2
[06/18/23 09:57:35] crowsnest: Host Info: Available CPU Cores: 4
[06/18/23 09:57:35] crowsnest: Host Info: Available Memory: 880336 kB
[06/18/23 09:57:35] crowsnest: Host Info: Diskspace (avail. / total): 52G / 59G
[06/18/23 09:57:35] crowsnest: INFO: Checking Dependencies
[06/18/23 09:57:36] crowsnest: Dependency: 'crudini' found in /usr/bin/crudini.
[06/18/23 09:57:36] crowsnest: Dependency: 'find' found in /usr/bin/find.
[06/18/23 09:57:36] crowsnest: Dependency: 'xargs' found in /usr/bin/xargs.
[06/18/23 09:57:36] crowsnest: Dependency: 'ustreamer' found in bin/ustreamer/ustreamer.
[06/18/23 09:57:36] crowsnest: Dependency: 'camera-streamer' found in bin/camera-streamer/camera-streamer.
[06/18/23 09:57:36] crowsnest: Version Control: ustreamer is up to date. (v5.48)
[06/18/23 09:57:42] crowsnest: Version Control: camera-streamer is up to date. ((f1627aa))
[06/18/23 09:57:42] crowsnest: INFO: Print Configfile: '/home/twoscoopsofpig/printer_data/config/crowsnest.conf'
[06/18/23 09:57:42] crowsnest:		[crowsnest]
[06/18/23 09:57:42] crowsnest:		log_path: /home/twoscoopsofpig/printer_data/logs/crowsnest.log
[06/18/23 09:57:42] crowsnest:		log_level: verbose
[06/18/23 09:57:42] crowsnest:		delete_log: false
[06/18/23 09:57:42] crowsnest:		no_proxy: false
[06/18/23 09:57:42] crowsnest:		
[06/18/23 09:57:42] crowsnest:		[cam 1]
[06/18/23 09:57:42] crowsnest:		mode: ustreamer
[06/18/23 09:57:42] crowsnest:		
[06/18/23 09:57:42] crowsnest:		enable_rtsp: false
[06/18/23 09:57:42] crowsnest:		rtsp_port: 8554
[06/18/23 09:57:42] crowsnest:		port: 8080
[06/18/23 09:57:42] crowsnest:		device: /dev/video0
[06/18/23 09:57:42] crowsnest:		resolution: 640x480
[06/18/23 09:57:42] crowsnest:		max_fps: 15
[06/18/23 09:57:42] crowsnest: INFO: Detect available Devices
[06/18/23 09:57:43] crowsnest: INFO: Found 1 total available Device(s)
[06/18/23 09:57:43] crowsnest: INFO: Found 1 available v4l2 (UVC) camera(s)
[06/18/23 09:57:43] crowsnest: /dev/v4l/by-id/usb-SunplusIT_Inc_FHD_Camera_Microphone_01.00.00-video-index0 -> /dev/video0
[06/18/23 09:57:43] crowsnest: Supported Formats:
[06/18/23 09:57:43] crowsnest:		[0]: 'MJPG' (Motion-JPEG, compressed)
[06/18/23 09:57:43] crowsnest:		Size: Discrete 640x480
[06/18/23 09:57:43] crowsnest:		Interval: Discrete 0.033s (30.000 fps)
[06/18/23 09:57:43] crowsnest:		Size: Discrete 1600x896
[06/18/23 09:57:43] crowsnest:		Interval: Discrete 0.033s (30.000 fps)
[06/18/23 09:57:43] crowsnest:		Size: Discrete 1280x720
[06/18/23 09:57:43] crowsnest:		Interval: Discrete 0.033s (30.000 fps)
[06/18/23 09:57:43] crowsnest:		Size: Discrete 1024x576
[06/18/23 09:57:43] crowsnest:		Interval: Discrete 0.033s (30.000 fps)
[06/18/23 09:57:43] crowsnest:		Size: Discrete 800x600
[06/18/23 09:57:43] crowsnest:		Interval: Discrete 0.033s (30.000 fps)
[06/18/23 09:57:43] crowsnest:		Size: Discrete 800x480
[06/18/23 09:57:43] crowsnest:		Interval: Discrete 0.033s (30.000 fps)
[06/18/23 09:57:43] crowsnest:		Size: Discrete 640x360
[06/18/23 09:57:43] crowsnest:		Interval: Discrete 0.033s (30.000 fps)
[06/18/23 09:57:43] crowsnest:		Size: Discrete 424x240
[06/18/23 09:57:43] crowsnest:		Interval: Discrete 0.033s (30.000 fps)
[06/18/23 09:57:43] crowsnest:		Size: Discrete 352x288
[06/18/23 09:57:43] crowsnest:		Interval: Discrete 0.033s (30.000 fps)
[06/18/23 09:57:43] crowsnest:		Size: Discrete 1920x1080
[06/18/23 09:57:43] crowsnest:		Interval: Discrete 0.033s (30.000 fps)
[06/18/23 09:57:43] crowsnest:		[1]: 'YUYV' (YUYV 4:2:2)
[06/18/23 09:57:43] crowsnest:		Size: Discrete 640x480
[06/18/23 09:57:43] crowsnest:		Interval: Discrete 0.033s (30.000 fps)
[06/18/23 09:57:43] crowsnest:		Size: Discrete 1600x896
[06/18/23 09:57:43] crowsnest:		Interval: Discrete 0.133s (7.500 fps)
[06/18/23 09:57:43] crowsnest:		Size: Discrete 1280x720
[06/18/23 09:57:43] crowsnest:		Interval: Discrete 0.100s (10.000 fps)
[06/18/23 09:57:43] crowsnest:		Size: Discrete 1024x576
[06/18/23 09:57:43] crowsnest:		Interval: Discrete 0.100s (10.000 fps)
[06/18/23 09:57:43] crowsnest:		Size: Discrete 800x600
[06/18/23 09:57:43] crowsnest:		Interval: Discrete 0.067s (15.000 fps)
[06/18/23 09:57:43] crowsnest:		Size: Discrete 800x480
[06/18/23 09:57:43] crowsnest:		Interval: Discrete 0.040s (25.000 fps)
[06/18/23 09:57:43] crowsnest:		Size: Discrete 640x360
[06/18/23 09:57:43] crowsnest:		Interval: Discrete 0.033s (30.000 fps)
[06/18/23 09:57:43] crowsnest:		Size: Discrete 424x240
[06/18/23 09:57:43] crowsnest:		Interval: Discrete 0.033s (30.000 fps)
[06/18/23 09:57:43] crowsnest:		Size: Discrete 352x288
[06/18/23 09:57:43] crowsnest:		Interval: Discrete 0.033s (30.000 fps)
[06/18/23 09:57:43] crowsnest:		Size: Discrete 1920x1080
[06/18/23 09:57:43] crowsnest:		Interval: Discrete 0.200s (5.000 fps)
[06/18/23 09:57:43] crowsnest: Supported Controls:
[06/18/23 09:57:43] crowsnest:		
[06/18/23 09:57:43] crowsnest:		User Controls
[06/18/23 09:57:43] crowsnest:		
[06/18/23 09:57:43] crowsnest:		brightness 0x00980900 (int)    : min=-64 max=64 step=1 default=0 value=0
[06/18/23 09:57:43] crowsnest:		contrast 0x00980901 (int)    : min=0 max=95 step=1 default=1 value=1
[06/18/23 09:57:43] crowsnest:		saturation 0x00980902 (int)    : min=0 max=100 step=1 default=64 value=64
[06/18/23 09:57:43] crowsnest:		hue 0x00980903 (int)    : min=-2000 max=2000 step=1 default=0 value=0
[06/18/23 09:57:43] crowsnest:		white_balance_automatic 0x0098090c (bool)   : default=1 value=1
[06/18/23 09:57:43] crowsnest:		gamma 0x00980910 (int)    : min=100 max=300 step=1 default=100 value=100
[06/18/23 09:57:43] crowsnest:		power_line_frequency 0x00980918 (menu)   : min=0 max=2 default=1 value=1
[06/18/23 09:57:43] crowsnest:		0: Disabled
[06/18/23 09:57:43] crowsnest:		1: 50 Hz
[06/18/23 09:57:43] crowsnest:		2: 60 Hz
[06/18/23 09:57:43] crowsnest:		white_balance_temperature 0x0098091a (int)    : min=2800 max=6500 step=1 default=4600 value=4600 flags=inactive
[06/18/23 09:57:43] crowsnest:		sharpness 0x0098091b (int)    : min=1 max=7 step=1 default=2 value=2
[06/18/23 09:57:43] crowsnest:		backlight_compensation 0x0098091c (int)    : min=0 max=1 step=1 default=1 value=1
[06/18/23 09:57:43] crowsnest:		
[06/18/23 09:57:43] crowsnest:		Camera Controls
[06/18/23 09:57:43] crowsnest:		
[06/18/23 09:57:43] crowsnest:		auto_exposure 0x009a0901 (menu)   : min=0 max=3 default=3 value=3
[06/18/23 09:57:43] crowsnest:		1: Manual Mode
[06/18/23 09:57:43] crowsnest:		3: Aperture Priority Mode
[06/18/23 09:57:43] crowsnest:		exposure_time_absolute 0x009a0902 (int)    : min=3 max=2047 step=1 default=166 value=166 flags=inactive
[06/18/23 09:57:43] crowsnest:		focus_absolute 0x009a090a (int)    : min=0 max=1023 step=1 default=0 value=150 flags=inactive
[06/18/23 09:57:43] crowsnest:		focus_automatic_continuous 0x009a090c (bool)   : default=0 value=1
[06/18/23 09:57:43] crowsnest: Try to start configured Cams / Services...
[02/26/24 15:44:13] crowsnest: INFO: Configuration of Section [cam 1] looks good. Continue ...
[02/26/24 15:44:14] crowsnest: V4L2 Control: No parameters set for [cam 1]. Skipped.
[02/26/24 15:44:17] crowsnest: Starting ustreamer with Device /dev/video0 ...
[02/26/24 15:44:19] crowsnest:  ... Done!
[02/26/24 15:44:32] crowsnest: Shutdown or Killed by User!
[02/26/24 15:44:32] crowsnest: Please come again :)
[02/26/24 15:44:32] crowsnest: Goodbye...
[02/26/24 15:44:50] crowsnest: crowsnest - A webcam Service for multiple Cams and Stream Services.
[02/26/24 15:44:50] crowsnest: Version: v4.1.3-1-gc0c9c41
[02/26/24 15:44:50] crowsnest: Prepare Startup ...
[02/26/24 15:44:50] crowsnest: INFO: Host information:
[02/26/24 15:44:50] crowsnest: Host Info: Distribution: Debian GNU/Linux 11 (bullseye)
[02/26/24 15:44:50] crowsnest: Host Info: Release: MainsailOS release 1.3.2 (bullseye)
[02/26/24 15:44:50] crowsnest: Host Info: Kernel: Linux 6.1.21-v8+ aarch64
[02/26/24 15:44:50] crowsnest: Host Info: Model:  Raspberry Pi 3 Model B Rev 1.2
[02/26/24 15:44:50] crowsnest: Host Info: Available CPU Cores: 4
[02/26/24 15:44:50] crowsnest: Host Info: Available Memory: 880336 kB
[02/26/24 15:44:50] crowsnest: Host Info: Diskspace (avail. / total): 52G / 59G
[02/26/24 15:44:50] crowsnest: INFO: Checking Dependencies
[02/26/24 15:44:50] crowsnest: Dependency: 'crudini' found in /usr/bin/crudini.
[02/26/24 15:44:50] crowsnest: Dependency: 'find' found in /usr/bin/find.
[02/26/24 15:44:50] crowsnest: Dependency: 'xargs' found in /usr/bin/xargs.
[02/26/24 15:44:50] crowsnest: Dependency: 'ustreamer' found in bin/ustreamer/ustreamer.
[02/26/24 15:44:51] crowsnest: Dependency: 'camera-streamer' found in bin/camera-streamer/camera-streamer.
[02/26/24 15:44:51] crowsnest: Version Control: ustreamer is up to date. (v5.48)
[02/26/24 15:44:54] crowsnest: Version Control: camera-streamer is up to date. ((f1627aa))
[02/26/24 15:44:54] crowsnest: INFO: Print Configfile: '/home/twoscoopsofpig/printer_data/config/crowsnest.conf'
[02/26/24 15:44:54] crowsnest:		[crowsnest]
[02/26/24 15:44:54] crowsnest:		log_path: /home/twoscoopsofpig/printer_data/logs/crowsnest.log
[02/26/24 15:44:54] crowsnest:		log_level: verbose
[02/26/24 15:44:54] crowsnest:		delete_log: false
[02/26/24 15:44:54] crowsnest:		no_proxy: false
[02/26/24 15:44:54] crowsnest:		
[02/26/24 15:44:54] crowsnest:		[cam 1]
[02/26/24 15:44:54] crowsnest:		mode: ustreamer
[02/26/24 15:44:54] crowsnest:		
[02/26/24 15:44:54] crowsnest:		enable_rtsp: false
[02/26/24 15:44:54] crowsnest:		rtsp_port: 8554
[02/26/24 15:44:54] crowsnest:		port: 8080
[02/26/24 15:44:54] crowsnest:		device: /dev/video0
[02/26/24 15:44:54] crowsnest:		resolution: 640x480
[02/26/24 15:44:54] crowsnest:		max_fps: 15
[02/26/24 15:44:54] crowsnest: INFO: Detect available Devices
[02/26/24 15:44:54] crowsnest: INFO: Found 1 total available Device(s)
[02/26/24 15:44:54] crowsnest: INFO: Found 1 available v4l2 (UVC) camera(s)
[02/26/24 15:44:54] crowsnest: /dev/v4l/by-id/usb-SunplusIT_Inc_FHD_Camera_Microphone_01.00.00-video-index0 -> /dev/video0
[02/26/24 15:44:54] crowsnest: Supported Formats:
[02/26/24 15:44:54] crowsnest:		[0]: 'MJPG' (Motion-JPEG, compressed)
[02/26/24 15:44:54] crowsnest:		Size: Discrete 640x480
[02/26/24 15:44:54] crowsnest:		Interval: Discrete 0.033s (30.000 fps)
[02/26/24 15:44:54] crowsnest:		Size: Discrete 1600x896
[02/26/24 15:44:54] crowsnest:		Interval: Discrete 0.033s (30.000 fps)
[02/26/24 15:44:54] crowsnest:		Size: Discrete 1280x720
[02/26/24 15:44:54] crowsnest:		Interval: Discrete 0.033s (30.000 fps)
[02/26/24 15:44:54] crowsnest:		Size: Discrete 1024x576
[02/26/24 15:44:54] crowsnest:		Interval: Discrete 0.033s (30.000 fps)
[02/26/24 15:44:54] crowsnest:		Size: Discrete 800x600
[02/26/24 15:44:54] crowsnest:		Interval: Discrete 0.033s (30.000 fps)
[02/26/24 15:44:54] crowsnest:		Size: Discrete 800x480
[02/26/24 15:44:54] crowsnest:		Interval: Discrete 0.033s (30.000 fps)
[02/26/24 15:44:54] crowsnest:		Size: Discrete 640x360
[02/26/24 15:44:54] crowsnest:		Interval: Discrete 0.033s (30.000 fps)
[02/26/24 15:44:54] crowsnest:		Size: Discrete 424x240
[02/26/24 15:44:54] crowsnest:		Interval: Discrete 0.033s (30.000 fps)
[02/26/24 15:44:54] crowsnest:		Size: Discrete 352x288
[02/26/24 15:44:54] crowsnest:		Interval: Discrete 0.033s (30.000 fps)
[02/26/24 15:44:54] crowsnest:		Size: Discrete 1920x1080
[02/26/24 15:44:54] crowsnest:		Interval: Discrete 0.033s (30.000 fps)
[02/26/24 15:44:54] crowsnest:		[1]: 'YUYV' (YUYV 4:2:2)
[02/26/24 15:44:54] crowsnest:		Size: Discrete 640x480
[02/26/24 15:44:54] crowsnest:		Interval: Discrete 0.033s (30.000 fps)
[02/26/24 15:44:54] crowsnest:		Size: Discrete 1600x896
[02/26/24 15:44:54] crowsnest:		Interval: Discrete 0.133s (7.500 fps)
[02/26/24 15:44:54] crowsnest:		Size: Discrete 1280x720
[02/26/24 15:44:54] crowsnest:		Interval: Discrete 0.100s (10.000 fps)
[02/26/24 15:44:54] crowsnest:		Size: Discrete 1024x576
[02/26/24 15:44:54] crowsnest:		Interval: Discrete 0.100s (10.000 fps)
[02/26/24 15:44:54] crowsnest:		Size: Discrete 800x600
[02/26/24 15:44:54] crowsnest:		Interval: Discrete 0.067s (15.000 fps)
[02/26/24 15:44:54] crowsnest:		Size: Discrete 800x480
[02/26/24 15:44:54] crowsnest:		Interval: Discrete 0.040s (25.000 fps)
[02/26/24 15:44:54] crowsnest:		Size: Discrete 640x360
[02/26/24 15:44:54] crowsnest:		Interval: Discrete 0.033s (30.000 fps)
[02/26/24 15:44:54] crowsnest:		Size: Discrete 424x240
[02/26/24 15:44:54] crowsnest:		Interval: Discrete 0.033s (30.000 fps)
[02/26/24 15:44:54] crowsnest:		Size: Discrete 352x288
[02/26/24 15:44:54] crowsnest:		Interval: Discrete 0.033s (30.000 fps)
[02/26/24 15:44:54] crowsnest:		Size: Discrete 1920x1080
[02/26/24 15:44:54] crowsnest:		Interval: Discrete 0.200s (5.000 fps)
[02/26/24 15:44:55] crowsnest: Supported Controls:
[02/26/24 15:44:55] crowsnest:		
[02/26/24 15:44:55] crowsnest:		User Controls
[02/26/24 15:44:55] crowsnest:		
[02/26/24 15:44:55] crowsnest:		brightness 0x00980900 (int)    : min=-64 max=64 step=1 default=0 value=0
[02/26/24 15:44:55] crowsnest:		contrast 0x00980901 (int)    : min=0 max=95 step=1 default=1 value=1
[02/26/24 15:44:55] crowsnest:		saturation 0x00980902 (int)    : min=0 max=100 step=1 default=64 value=64
[02/26/24 15:44:55] crowsnest:		hue 0x00980903 (int)    : min=-2000 max=2000 step=1 default=0 value=0
[02/26/24 15:44:55] crowsnest:		white_balance_automatic 0x0098090c (bool)   : default=1 value=1
[02/26/24 15:44:55] crowsnest:		gamma 0x00980910 (int)    : min=100 max=300 step=1 default=100 value=100
[02/26/24 15:44:55] crowsnest:		power_line_frequency 0x00980918 (menu)   : min=0 max=2 default=1 value=1
[02/26/24 15:44:55] crowsnest:		0: Disabled
[02/26/24 15:44:55] crowsnest:		1: 50 Hz
[02/26/24 15:44:55] crowsnest:		2: 60 Hz
[02/26/24 15:44:55] crowsnest:		white_balance_temperature 0x0098091a (int)    : min=2800 max=6500 step=1 default=4600 value=4600 flags=inactive
[02/26/24 15:44:55] crowsnest:		sharpness 0x0098091b (int)    : min=1 max=7 step=1 default=2 value=2
[02/26/24 15:44:55] crowsnest:		backlight_compensation 0x0098091c (int)    : min=0 max=1 step=1 default=1 value=1
[02/26/24 15:44:55] crowsnest:		
[02/26/24 15:44:55] crowsnest:		Camera Controls
[02/26/24 15:44:55] crowsnest:		
[02/26/24 15:44:55] crowsnest:		auto_exposure 0x009a0901 (menu)   : min=0 max=3 default=3 value=3
[02/26/24 15:44:55] crowsnest:		1: Manual Mode
[02/26/24 15:44:55] crowsnest:		3: Aperture Priority Mode
[02/26/24 15:44:55] crowsnest:		exposure_time_absolute 0x009a0902 (int)    : min=3 max=2047 step=1 default=166 value=166 flags=inactive
[02/26/24 15:44:55] crowsnest:		focus_absolute 0x009a090a (int)    : min=0 max=1023 step=1 default=0 value=150 flags=inactive
[02/26/24 15:44:55] crowsnest:		focus_automatic_continuous 0x009a090c (bool)   : default=0 value=1
[02/26/24 15:44:55] crowsnest: Try to start configured Cams / Services...
[02/26/24 15:44:58] crowsnest: INFO: Configuration of Section [cam 1] looks good. Continue ...
[02/26/24 15:45:00] crowsnest: V4L2 Control: No parameters set for [cam 1]. Skipped.
[02/26/24 15:45:04] crowsnest: Starting ustreamer with Device /dev/video0 ...
[02/26/24 15:45:06] crowsnest:  ... Done!
[02/26/24 16:39:49] crowsnest: Shutdown or Killed by User!
[02/26/24 16:39:49] crowsnest: Please come again :)
[02/26/24 16:39:49] crowsnest: Goodbye...
[02/26/24 16:39:51] crowsnest: crowsnest - A webcam Service for multiple Cams and Stream Services.
[02/26/24 16:39:51] crowsnest: Version: v4.1.4-1-gba0ac8f
[02/26/24 16:39:51] crowsnest: Prepare Startup ...
[02/26/24 16:39:51] crowsnest: INFO: Host information:
[02/26/24 16:39:51] crowsnest: Host Info: Distribution: Debian GNU/Linux 11 (bullseye)
[02/26/24 16:39:51] crowsnest: Host Info: Release: MainsailOS release 1.3.2 (bullseye)
[02/26/24 16:39:51] crowsnest: Host Info: Kernel: Linux 6.1.21-v8+ aarch64
[02/26/24 16:39:51] crowsnest: Host Info: Model:  Raspberry Pi 3 Model B Rev 1.2
[02/26/24 16:39:51] crowsnest: Host Info: Available CPU Cores: 4
[02/26/24 16:39:51] crowsnest: Host Info: Available Memory: 880336 kB
[02/26/24 16:39:51] crowsnest: Host Info: Diskspace (avail. / total): 52G / 59G
[02/26/24 16:39:51] crowsnest: INFO: Checking Dependencies
[02/26/24 16:39:51] crowsnest: Dependency: 'crudini' found in /usr/bin/crudini.
[02/26/24 16:39:51] crowsnest: Dependency: 'find' found in /usr/bin/find.
[02/26/24 16:39:51] crowsnest: Dependency: 'xargs' found in /usr/bin/xargs.
[02/26/24 16:39:51] crowsnest: Dependency: 'ustreamer' found in bin/ustreamer/ustreamer.
[02/26/24 16:39:51] crowsnest: Dependency: 'camera-streamer' found in bin/camera-streamer/camera-streamer.
[02/26/24 16:39:51] crowsnest: Version Control: ustreamer is up to date. (v5.48)
[02/26/24 16:39:52] crowsnest: Version Control: camera-streamer is up to date. ((f1627aa))
[02/26/24 16:39:52] crowsnest: INFO: Print Configfile: '/home/twoscoopsofpig/printer_data/config/crowsnest.conf'
[02/26/24 16:39:52] crowsnest:		[crowsnest]
[02/26/24 16:39:52] crowsnest:		log_path: /home/twoscoopsofpig/printer_data/logs/crowsnest.log
[02/26/24 16:39:52] crowsnest:		log_level: verbose
[02/26/24 16:39:52] crowsnest:		delete_log: false
[02/26/24 16:39:52] crowsnest:		no_proxy: false
[02/26/24 16:39:52] crowsnest:		
[02/26/24 16:39:52] crowsnest:		[cam 1]
[02/26/24 16:39:52] crowsnest:		mode: ustreamer
[02/26/24 16:39:52] crowsnest:		
[02/26/24 16:39:52] crowsnest:		enable_rtsp: false
[02/26/24 16:39:52] crowsnest:		rtsp_port: 8554
[02/26/24 16:39:52] crowsnest:		port: 8080
[02/26/24 16:39:52] crowsnest:		device: /dev/video0
[02/26/24 16:39:52] crowsnest:		resolution: 640x480
[02/26/24 16:39:52] crowsnest:		max_fps: 15
[02/26/24 16:39:52] crowsnest: INFO: Detect available Devices
[02/26/24 16:39:52] crowsnest: INFO: Found 1 total available Device(s)
[02/26/24 16:39:52] crowsnest: INFO: Found 1 available v4l2 (UVC) camera(s)
[02/26/24 16:39:52] crowsnest: /dev/v4l/by-id/usb-SunplusIT_Inc_FHD_Camera_Microphone_01.00.00-video-index0 -> /dev/video0
[02/26/24 16:39:52] crowsnest: Supported Formats:
[02/26/24 16:39:52] crowsnest:		[0]: 'MJPG' (Motion-JPEG, compressed)
[02/26/24 16:39:52] crowsnest:		Size: Discrete 640x480
[02/26/24 16:39:52] crowsnest:		Interval: Discrete 0.033s (30.000 fps)
[02/26/24 16:39:52] crowsnest:		Size: Discrete 1600x896
[02/26/24 16:39:52] crowsnest:		Interval: Discrete 0.033s (30.000 fps)
[02/26/24 16:39:52] crowsnest:		Size: Discrete 1280x720
[02/26/24 16:39:52] crowsnest:		Interval: Discrete 0.033s (30.000 fps)
[02/26/24 16:39:52] crowsnest:		Size: Discrete 1024x576
[02/26/24 16:39:52] crowsnest:		Interval: Discrete 0.033s (30.000 fps)
[02/26/24 16:39:52] crowsnest:		Size: Discrete 800x600
[02/26/24 16:39:52] crowsnest:		Interval: Discrete 0.033s (30.000 fps)
[02/26/24 16:39:52] crowsnest:		Size: Discrete 800x480
[02/26/24 16:39:52] crowsnest:		Interval: Discrete 0.033s (30.000 fps)
[02/26/24 16:39:52] crowsnest:		Size: Discrete 640x360
[02/26/24 16:39:52] crowsnest:		Interval: Discrete 0.033s (30.000 fps)
[02/26/24 16:39:52] crowsnest:		Size: Discrete 424x240
[02/26/24 16:39:52] crowsnest:		Interval: Discrete 0.033s (30.000 fps)
[02/26/24 16:39:52] crowsnest:		Size: Discrete 352x288
[02/26/24 16:39:52] crowsnest:		Interval: Discrete 0.033s (30.000 fps)
[02/26/24 16:39:52] crowsnest:		Size: Discrete 1920x1080
[02/26/24 16:39:52] crowsnest:		Interval: Discrete 0.033s (30.000 fps)
[02/26/24 16:39:52] crowsnest:		[1]: 'YUYV' (YUYV 4:2:2)
[02/26/24 16:39:52] crowsnest:		Size: Discrete 640x480
[02/26/24 16:39:52] crowsnest:		Interval: Discrete 0.033s (30.000 fps)
[02/26/24 16:39:52] crowsnest:		Size: Discrete 1600x896
[02/26/24 16:39:52] crowsnest:		Interval: Discrete 0.133s (7.500 fps)
[02/26/24 16:39:52] crowsnest:		Size: Discrete 1280x720
[02/26/24 16:39:52] crowsnest:		Interval: Discrete 0.100s (10.000 fps)
[02/26/24 16:39:52] crowsnest:		Size: Discrete 1024x576
[02/26/24 16:39:52] crowsnest:		Interval: Discrete 0.100s (10.000 fps)
[02/26/24 16:39:52] crowsnest:		Size: Discrete 800x600
[02/26/24 16:39:52] crowsnest:		Interval: Discrete 0.067s (15.000 fps)
[02/26/24 16:39:52] crowsnest:		Size: Discrete 800x480
[02/26/24 16:39:52] crowsnest:		Interval: Discrete 0.040s (25.000 fps)
[02/26/24 16:39:52] crowsnest:		Size: Discrete 640x360
[02/26/24 16:39:52] crowsnest:		Interval: Discrete 0.033s (30.000 fps)
[02/26/24 16:39:52] crowsnest:		Size: Discrete 424x240
[02/26/24 16:39:52] crowsnest:		Interval: Discrete 0.033s (30.000 fps)
[02/26/24 16:39:52] crowsnest:		Size: Discrete 352x288
[02/26/24 16:39:52] crowsnest:		Interval: Discrete 0.033s (30.000 fps)
[02/26/24 16:39:52] crowsnest:		Size: Discrete 1920x1080
[02/26/24 16:39:52] crowsnest:		Interval: Discrete 0.200s (5.000 fps)
[02/26/24 16:39:52] crowsnest: Supported Controls:
[02/26/24 16:39:52] crowsnest:		
[02/26/24 16:39:52] crowsnest:		User Controls
[02/26/24 16:39:52] crowsnest:		
[02/26/24 16:39:52] crowsnest:		brightness 0x00980900 (int)    : min=-64 max=64 step=1 default=0 value=0
[02/26/24 16:39:52] crowsnest:		contrast 0x00980901 (int)    : min=0 max=95 step=1 default=1 value=1
[02/26/24 16:39:52] crowsnest:		saturation 0x00980902 (int)    : min=0 max=100 step=1 default=64 value=64
[02/26/24 16:39:52] crowsnest:		hue 0x00980903 (int)    : min=-2000 max=2000 step=1 default=0 value=0
[02/26/24 16:39:52] crowsnest:		white_balance_automatic 0x0098090c (bool)   : default=1 value=1
[02/26/24 16:39:52] crowsnest:		gamma 0x00980910 (int)    : min=100 max=300 step=1 default=100 value=100
[02/26/24 16:39:52] crowsnest:		power_line_frequency 0x00980918 (menu)   : min=0 max=2 default=1 value=1
[02/26/24 16:39:52] crowsnest:		0: Disabled
[02/26/24 16:39:52] crowsnest:		1: 50 Hz
[02/26/24 16:39:52] crowsnest:		2: 60 Hz
[02/26/24 16:39:52] crowsnest:		white_balance_temperature 0x0098091a (int)    : min=2800 max=6500 step=1 default=4600 value=4600 flags=inactive
[02/26/24 16:39:52] crowsnest:		sharpness 0x0098091b (int)    : min=1 max=7 step=1 default=2 value=2
[02/26/24 16:39:52] crowsnest:		backlight_compensation 0x0098091c (int)    : min=0 max=1 step=1 default=1 value=1
[02/26/24 16:39:52] crowsnest:		
[02/26/24 16:39:52] crowsnest:		Camera Controls
[02/26/24 16:39:52] crowsnest:		
[02/26/24 16:39:52] crowsnest:		auto_exposure 0x009a0901 (menu)   : min=0 max=3 default=3 value=3
[02/26/24 16:39:52] crowsnest:		1: Manual Mode
[02/26/24 16:39:52] crowsnest:		3: Aperture Priority Mode
[02/26/24 16:39:52] crowsnest:		exposure_time_absolute 0x009a0902 (int)    : min=3 max=2047 step=1 default=166 value=166 flags=inactive
[02/26/24 16:39:52] crowsnest:		focus_absolute 0x009a090a (int)    : min=0 max=1023 step=1 default=0 value=150 flags=inactive
[02/26/24 16:39:52] crowsnest:		focus_automatic_continuous 0x009a090c (bool)   : default=0 value=1
[02/26/24 16:39:52] crowsnest: Try to start configured Cams / Services...
[02/26/24 16:39:55] crowsnest: INFO: Configuration of Section [cam 1] looks good. Continue ...
[02/26/24 16:39:56] crowsnest: V4L2 Control: No parameters set for [cam 1]. Skipped.
[02/26/24 16:40:00] crowsnest: Starting ustreamer with Device /dev/video0 ...
[02/26/24 16:40:01] crowsnest:  ... Done!
